<?xml version="1.0" encoding="UTF-8"?>
<robot generator="Robot 7.2.2 (Python 3.13.2 on win32)" generated="2025-04-29T14:01:38.581549" rpa="false" schemaversion="5">
<suite id="s1" name="Updated Orange Project" source="c:\Users\LIAW004\projects\Updated_Orange_Project">
<suite id="s1-s1" name="Tests" source="c:\Users\LIAW004\projects\Updated_Orange_Project\Tests">
<suite id="s1-s1-s1" name="GUIs" source="c:\Users\LIAW004\projects\Updated_Orange_Project\Tests\GUIs">
<suite id="s1-s1-s1-s1" name="User Management Page" source="c:\Users\LIAW004\projects\Updated_Orange_Project\Tests\GUIs\user_management_page">
<suite id="s1-s1-s1-s1-s1" name="04 Invalid Add" source="c:\Users\LIAW004\projects\Updated_Orange_Project\Tests\GUIs\user_management_page\04_invalid_add.robot">
<test id="s1-s1-s1-s1-s1-t1" name="Add New User to OrangeHRM (Positive Test)" line="8">
<kw name="Open Website, Login as Admin, Open User Management Page (All Verified)" owner="tasks" type="SETUP">
<kw name="Open Login Page" owner="actions">
<kw name="Open Browser" owner="Browser">
<msg time="2025-04-29T14:01:38.977026" level="WARN">Open Browser is for quick experimentation and debugging only. Use New Page for production.</msg>
<msg time="2025-04-29T14:01:39.015743" level="INFO">{"browser": "chromium", "headless": false, "chromiumSandbox": false, "devtools": false, "handleSIGHUP": true, "handleSIGINT": true, "handleSIGTERM": true, "slowMo": 0.0, "timeout": 30000.0, "tracesDir": "c:\\Users\\LIAW004\\projects\\Updated_Orange_Project\\results\\browser\\traces\\temp\\528a898f-108a-4612-b4d4-bd4bc271b6bd"}</msg>
<msg time="2025-04-29T14:01:39.058447" level="INFO">Starting Browser process c:\Users\LIAW004\AppData\Local\Programs\Python\Python313\Lib\site-packages\Browser\wrapper\index.js using port 54900</msg>
<msg time="2025-04-29T14:01:39.058814" level="INFO">Node startup parameters: ['node', 'c:\\Users\\LIAW004\\AppData\\Local\\Programs\\Python\\Python313\\Lib\\site-packages\\Browser\\wrapper\\index.js', '54900']</msg>
<msg time="2025-04-29T14:01:40.871607" level="INFO">Successfully created browser with options: {"browser":"chromium","headless":false,"chromiumSandbox":false,"devtools":false,"handleSIGHUP":true,"handleSIGINT":true,"handleSIGTERM":true,"slowMo":0,"timeout":30000,"tracesDir":"c:\\Users\\LIAW004\\projects\\Updated_Orange_Project\\results\\browser\\traces\\temp\\528a898f-108a-4612-b4d4-bd4bc271b6bd"}</msg>
<msg time="2025-04-29T14:01:40.877982" level="INFO">{
  "acceptDownloads": true,
  "bypassCSP": true,
  "forcedColors": "none",
  "ignoreHTTPSErrors": false,
  "javaScriptEnabled": true,
  "offline": false,
  "reducedMotion": "no-preference",
  "serviceWorkers": "allow",
  "viewport": {
    "height": 720,
    "width": 1280
  }
}</msg>
<msg time="2025-04-29T14:01:41.082741" level="INFO">Successfully created context. </msg>
<msg time="2025-04-29T14:01:41.083300" level="INFO">{'acceptDownloads': True, 'bypassCSP': True, 'forcedColors': 'none', 'ignoreHTTPSErrors': False, 'javaScriptEnabled': True, 'offline': False, 'reducedMotion': 'no-preference', 'serviceWorkers': 'allow', 'viewport': {'height': 720, 'width': 1280}}</msg>
<msg time="2025-04-29T14:01:45.522339" level="INFO">Successfully initialized new page object and opened url: https://opensource-demo.orangehrmlive.com/web/index.php/auth/login</msg>
<arg>${loginpage_url}</arg>
<tag>BrowserControl</tag>
<tag>Setter</tag>
<doc>Opens a new browser instance. Use this keyword for quick experiments or debugging sessions.</doc>
<status status="PASS" start="2025-04-29T14:01:38.975350" elapsed="6.547895"/>
</kw>
<status status="PASS" start="2025-04-29T14:01:38.973868" elapsed="6.549804"/>
</kw>
<kw name="Enter Admin Credentials" owner="actions">
<kw name="Fill Text" owner="Browser">
<msg time="2025-04-29T14:01:45.527705" level="INFO">Fills the text 'Admin' in the given field.</msg>
<arg>${login_username_field}</arg>
<arg>${login_username}</arg>
<tag>PageContent</tag>
<tag>Setter</tag>
<doc>Clears and fills the given ``txt`` into the text field found by ``selector``.</doc>
<status status="PASS" start="2025-04-29T14:01:45.525821" elapsed="0.625104"/>
</kw>
<kw name="Fill Text" owner="Browser">
<msg time="2025-04-29T14:01:46.153764" level="INFO">Fills the text 'admin123' in the given field.</msg>
<arg>${login_password_field}</arg>
<arg>${login_password}</arg>
<tag>PageContent</tag>
<tag>Setter</tag>
<doc>Clears and fills the given ``txt`` into the text field found by ``selector``.</doc>
<status status="PASS" start="2025-04-29T14:01:46.151690" elapsed="0.146776"/>
</kw>
<status status="PASS" start="2025-04-29T14:01:45.524078" elapsed="0.775234"/>
</kw>
<kw name="Click Login Button" owner="actions">
<kw name="Click" owner="Browser">
<msg time="2025-04-29T14:01:46.306527" level="INFO">Clicks the element '//button[@type='submit']'.</msg>
<arg>${login_button}</arg>
<tag>PageContent</tag>
<tag>Setter</tag>
<doc>Simulates mouse click on the element found by ``selector``.</doc>
<status status="PASS" start="2025-04-29T14:01:46.303917" elapsed="1.361516"/>
</kw>
<status status="PASS" start="2025-04-29T14:01:46.300055" elapsed="1.366407"/>
</kw>
<kw name="Verify Admin Login is successful" owner="actions">
<kw name="Wait For Elements State" owner="Browser">
<msg time="2025-04-29T14:01:48.301796" level="INFO">Waited for Element with selector css=h6.oxd-topbar-header-breadcrumb-module at state visible</msg>
<arg>${dashboard_title}</arg>
<arg>visible</arg>
<arg>timeout=10s</arg>
<tag>PageContent</tag>
<tag>Wait</tag>
<doc>Waits for the element found by ``selector`` to satisfy state option.</doc>
<status status="PASS" start="2025-04-29T14:01:47.669158" elapsed="0.633409"/>
</kw>
<kw name="Get Text" owner="Browser">
<msg time="2025-04-29T14:01:48.384333" level="INFO">Text: 'Dashboard'</msg>
<msg time="2025-04-29T14:01:48.385419" level="INFO">${text} = Dashboard</msg>
<var>${text}</var>
<arg>${dashboard_title}</arg>
<tag>Assertion</tag>
<tag>Getter</tag>
<tag>PageContent</tag>
<doc>Returns text attribute of the element found by ``selector``.</doc>
<status status="PASS" start="2025-04-29T14:01:48.303174" elapsed="0.082764"/>
</kw>
<kw name="Should Be Equal" owner="BuiltIn">
<arg>${text}</arg>
<arg>Dashboard</arg>
<doc>Fails if the given objects are unequal.</doc>
<status status="PASS" start="2025-04-29T14:01:48.386553" elapsed="0.002189"/>
</kw>
<status status="PASS" start="2025-04-29T14:01:47.667386" elapsed="0.721724"/>
</kw>
<kw name="Open User Management Page" owner="actions">
<kw name="Click" owner="Browser">
<msg time="2025-04-29T14:01:48.392311" level="INFO">Clicks the element '//a[@class="oxd-main-menu-item"]//span[text()="Admin"]'.</msg>
<arg>${admin_tab}</arg>
<tag>PageContent</tag>
<tag>Setter</tag>
<doc>Simulates mouse click on the element found by ``selector``.</doc>
<status status="PASS" start="2025-04-29T14:01:48.390643" elapsed="1.062874"/>
</kw>
<kw name="Click" owner="Browser">
<msg time="2025-04-29T14:01:49.456473" level="INFO">Clicks the element '//span[normalize-space()='User Management']'.</msg>
<arg>${user_tab}</arg>
<tag>PageContent</tag>
<tag>Setter</tag>
<doc>Simulates mouse click on the element found by ``selector``.</doc>
<status status="PASS" start="2025-04-29T14:01:49.454274" elapsed="0.697901"/>
</kw>
<kw name="Click" owner="Browser">
<msg time="2025-04-29T14:01:50.154135" level="INFO">Clicks the element '//ul[@class='oxd-dropdown-menu']//li'.</msg>
<arg>${user_management_tab}</arg>
<tag>PageContent</tag>
<tag>Setter</tag>
<doc>Simulates mouse click on the element found by ``selector``.</doc>
<status status="PASS" start="2025-04-29T14:01:50.152635" elapsed="0.795158"/>
</kw>
<status status="PASS" start="2025-04-29T14:01:48.389501" elapsed="2.558847"/>
</kw>
<kw name="Verify User Management Page is Opened" owner="actions">
<kw name="Wait For Elements State" owner="Browser">
<msg time="2025-04-29T14:01:51.488056" level="INFO">Waited for Element with selector xpath=//h5[text()='System Users'] at state visible</msg>
<arg>${user_management_title}</arg>
<arg>visible</arg>
<arg>timeout=10s</arg>
<tag>PageContent</tag>
<tag>Wait</tag>
<doc>Waits for the element found by ``selector`` to satisfy state option.</doc>
<status status="PASS" start="2025-04-29T14:01:50.950494" elapsed="0.538283"/>
</kw>
<kw name="Get Text" owner="Browser">
<msg time="2025-04-29T14:01:51.536318" level="INFO">Text: 'System Users'</msg>
<msg time="2025-04-29T14:01:51.536974" level="INFO">${text} = System Users</msg>
<var>${text}</var>
<arg>${user_management_title}</arg>
<tag>Assertion</tag>
<tag>Getter</tag>
<tag>PageContent</tag>
<doc>Returns text attribute of the element found by ``selector``.</doc>
<status status="PASS" start="2025-04-29T14:01:51.489604" elapsed="0.047713"/>
</kw>
<kw name="Should Be Equal" owner="BuiltIn">
<arg>${text}</arg>
<arg>System Users</arg>
<doc>Fails if the given objects are unequal.</doc>
<status status="PASS" start="2025-04-29T14:01:51.537739" elapsed="0.001143"/>
</kw>
<status status="PASS" start="2025-04-29T14:01:50.948980" elapsed="0.590184"/>
</kw>
<status status="PASS" start="2025-04-29T14:01:38.970258" elapsed="12.569119"/>
</kw>
<kw name="Select Add button" owner="tasks">
<kw name="Select Add User Button" owner="actions">
<kw name="Click" owner="Browser">
<msg time="2025-04-29T14:01:51.544550" level="INFO">Clicks the element '//button[normalize-space()='Add']'.</msg>
<arg>${add_user_button}</arg>
<tag>PageContent</tag>
<tag>Setter</tag>
<doc>Simulates mouse click on the element found by ``selector``.</doc>
<status status="PASS" start="2025-04-29T14:01:51.542713" elapsed="0.456454"/>
</kw>
<kw name="Sleep" owner="BuiltIn">
<msg time="2025-04-29T14:01:54.000817" level="INFO">Slept 2 seconds.</msg>
<arg>2s</arg>
<doc>Pauses the test executed for the given time.</doc>
<status status="PASS" start="2025-04-29T14:01:51.999651" elapsed="2.001801"/>
</kw>
<status status="PASS" start="2025-04-29T14:01:51.541537" elapsed="2.460307"/>
</kw>
<kw name="Verify is add user page" owner="actions">
<kw name="Wait For Elements State" owner="Browser">
<msg time="2025-04-29T14:01:54.026798" level="INFO">Waited for Element with selector //h6[text()='Add User'] at state visible</msg>
<arg>${add_user_header}</arg>
<arg>visible</arg>
<arg>timeout=10s</arg>
<tag>PageContent</tag>
<tag>Wait</tag>
<doc>Waits for the element found by ``selector`` to satisfy state option.</doc>
<status status="PASS" start="2025-04-29T14:01:54.003572" elapsed="0.023517"/>
</kw>
<kw name="Get Text" owner="Browser">
<msg time="2025-04-29T14:01:54.047430" level="INFO">Text: 'Add User'</msg>
<msg time="2025-04-29T14:01:54.047743" level="INFO">${text} = Add User</msg>
<var>${text}</var>
<arg>${add_user_header}</arg>
<tag>Assertion</tag>
<tag>Getter</tag>
<tag>PageContent</tag>
<doc>Returns text attribute of the element found by ``selector``.</doc>
<status status="PASS" start="2025-04-29T14:01:54.027287" elapsed="0.020560"/>
</kw>
<kw name="Should Be Equal" owner="BuiltIn">
<arg>${text}</arg>
<arg>Add User</arg>
<doc>Fails if the given objects are unequal.</doc>
<status status="PASS" start="2025-04-29T14:01:54.048038" elapsed="0.000730"/>
</kw>
<status status="PASS" start="2025-04-29T14:01:54.002299" elapsed="0.046594"/>
</kw>
<status status="PASS" start="2025-04-29T14:01:51.540204" elapsed="2.508770"/>
</kw>
<kw name="Fill in all Details" owner="tasks">
<kw name="Select from Selection Dropdown" owner="actions">
<kw name="Click" owner="Browser">
<msg time="2025-04-29T14:01:54.050836" level="INFO">Clicks the element 'css=label:has-text("User Role") &gt;&gt; xpath=../following-sibling::div//div[contains(@class,"oxd-select-text-input")]'.</msg>
<arg>${field}</arg>
<tag>PageContent</tag>
<tag>Setter</tag>
<doc>Simulates mouse click on the element found by ``selector``.</doc>
<status status="PASS" start="2025-04-29T14:01:54.050384" elapsed="0.036259"/>
</kw>
<kw name="Click" owner="Browser">
<msg time="2025-04-29T14:01:54.087574" level="INFO">Clicks the element 'css=.oxd-select-dropdown &gt; div:has-text("ESS")'.</msg>
<arg>${content}</arg>
<tag>PageContent</tag>
<tag>Setter</tag>
<doc>Simulates mouse click on the element found by ``selector``.</doc>
<status status="PASS" start="2025-04-29T14:01:54.086871" elapsed="0.048819"/>
</kw>
<arg>${user_role_field}</arg>
<arg>${input_user_role}</arg>
<status status="PASS" start="2025-04-29T14:01:54.049968" elapsed="0.085888"/>
</kw>
<kw name="Select from Selection Dropdown" owner="actions">
<kw name="Click" owner="Browser">
<msg time="2025-04-29T14:01:54.137047" level="INFO">Clicks the element 'css=label:has-text("Status") &gt;&gt; xpath=../following-sibling::div//div[contains(@class,"oxd-select-text-input")]'.</msg>
<arg>${field}</arg>
<tag>PageContent</tag>
<tag>Setter</tag>
<doc>Simulates mouse click on the element found by ``selector``.</doc>
<status status="PASS" start="2025-04-29T14:01:54.136569" elapsed="0.046598"/>
</kw>
<kw name="Click" owner="Browser">
<msg time="2025-04-29T14:01:54.184009" level="INFO">Clicks the element 'css=.oxd-select-dropdown &gt; div:has-text("Enabled")'.</msg>
<arg>${content}</arg>
<tag>PageContent</tag>
<tag>Setter</tag>
<doc>Simulates mouse click on the element found by ``selector``.</doc>
<status status="PASS" start="2025-04-29T14:01:54.183377" elapsed="0.034292"/>
</kw>
<arg>${employee_status_field}</arg>
<arg>${input_employee_status}</arg>
<status status="PASS" start="2025-04-29T14:01:54.136031" elapsed="0.081810"/>
</kw>
<kw name="Select from Employee DropDown" owner="actions">
<kw name="Type Text" owner="Browser">
<msg time="2025-04-29T14:01:54.219320" level="INFO">Types the text 'Ranga  Akunuri' in the given field.</msg>
<arg>${field}</arg>
<arg>${content}</arg>
<tag>PageContent</tag>
<tag>Setter</tag>
<doc>Types the given ``txt`` into the text field found by ``selector``.</doc>
<status status="PASS" start="2025-04-29T14:01:54.218748" elapsed="0.041228"/>
</kw>
<kw name="Sleep" owner="BuiltIn">
<msg time="2025-04-29T14:01:56.260957" level="INFO">Slept 2 seconds.</msg>
<arg>2s</arg>
<doc>Pauses the test executed for the given time.</doc>
<status status="PASS" start="2025-04-29T14:01:54.260213" elapsed="2.001154"/>
</kw>
<kw name="Get Element Count" owner="Browser">
<msg time="2025-04-29T14:01:56.271186" level="INFO">${count} = 1</msg>
<var>${count}</var>
<arg>text=${content}</arg>
<tag>Assertion</tag>
<tag>Getter</tag>
<tag>PageContent</tag>
<doc>Returns the count of elements found with ``selector``.</doc>
<status status="PASS" start="2025-04-29T14:01:56.261658" elapsed="0.009724"/>
</kw>
<if>
<branch type="IF" condition="${count} &gt; 0">
<kw name="Click" owner="Browser">
<msg time="2025-04-29T14:01:56.273068" level="INFO">Clicks the element 'text=Ranga  Akunuri'.</msg>
<arg>text=${content}</arg>
<tag>PageContent</tag>
<tag>Setter</tag>
<doc>Simulates mouse click on the element found by ``selector``.</doc>
<status status="PASS" start="2025-04-29T14:01:56.272428" elapsed="0.030360"/>
</kw>
<status status="PASS" start="2025-04-29T14:01:56.271570" elapsed="0.031364"/>
</branch>
<branch type="ELSE">
<kw name="Click" owner="Browser">
<arg>${invalid_ename}</arg>
<tag>PageContent</tag>
<tag>Setter</tag>
<doc>Simulates mouse click on the element found by ``selector``.</doc>
<status status="NOT RUN" start="2025-04-29T14:01:56.303325" elapsed="0.000187"/>
</kw>
<status status="NOT RUN" start="2025-04-29T14:01:56.303001" elapsed="0.000592"/>
</branch>
<status status="PASS" start="2025-04-29T14:01:56.271537" elapsed="0.032094"/>
</if>
<arg>${employee_name_field}</arg>
<arg>${input_employee_name}</arg>
<status status="PASS" start="2025-04-29T14:01:54.218064" elapsed="2.085622"/>
</kw>
<kw name="Fill in Text Field" owner="actions">
<kw name="Type Text" owner="Browser">
<msg time="2025-04-29T14:01:56.304713" level="INFO">Types the text 'aranga1' in the given field.</msg>
<arg>${field}</arg>
<arg>${content}</arg>
<tag>PageContent</tag>
<tag>Setter</tag>
<doc>Types the given ``txt`` into the text field found by ``selector``.</doc>
<status status="PASS" start="2025-04-29T14:01:56.304218" elapsed="0.032375"/>
</kw>
<arg>${employee_username_field}</arg>
<arg>${input_employee_username}</arg>
<status status="PASS" start="2025-04-29T14:01:56.303826" elapsed="0.032950"/>
</kw>
<kw name="Fill in Text Field" owner="actions">
<kw name="Type Text" owner="Browser">
<msg time="2025-04-29T14:01:56.338333" level="INFO">Types the text '1122Qwerty!!' in the given field.</msg>
<arg>${field}</arg>
<arg>${content}</arg>
<tag>PageContent</tag>
<tag>Setter</tag>
<doc>Types the given ``txt`` into the text field found by ``selector``.</doc>
<status status="PASS" start="2025-04-29T14:01:56.337641" elapsed="0.034504"/>
</kw>
<arg>${employee_password_field}</arg>
<arg>${input_employee_password}</arg>
<status status="PASS" start="2025-04-29T14:01:56.337065" elapsed="0.035259"/>
</kw>
<kw name="Fill in Text Field" owner="actions">
<kw name="Type Text" owner="Browser">
<msg time="2025-04-29T14:01:56.373921" level="INFO">Types the text '1122Qwerty!!' in the given field.</msg>
<arg>${field}</arg>
<arg>${content}</arg>
<tag>PageContent</tag>
<tag>Setter</tag>
<doc>Types the given ``txt`` into the text field found by ``selector``.</doc>
<status status="PASS" start="2025-04-29T14:01:56.373216" elapsed="0.061294"/>
</kw>
<arg>${employee_confirm_password_field}</arg>
<arg>${input_employee_confirm_password}</arg>
<status status="PASS" start="2025-04-29T14:01:56.372494" elapsed="0.062197"/>
</kw>
<arg>${ess_role}</arg>
<arg>${enabled_employee_status}</arg>
<arg>${employee_name}</arg>
<arg>aranga1</arg>
<arg>${employee_password}</arg>
<arg>${employee_confirm_password}</arg>
<status status="PASS" start="2025-04-29T14:01:54.049329" elapsed="2.385496"/>
</kw>
<kw name="Select Save Button" owner="tasks">
<kw name="Click Save Button" owner="actions">
<kw name="Click" owner="Browser">
<msg time="2025-04-29T14:01:56.436902" level="INFO">Clicks the element '//button[@type='submit']'.</msg>
<arg>${save_user_button}</arg>
<tag>PageContent</tag>
<tag>Setter</tag>
<doc>Simulates mouse click on the element found by ``selector``.</doc>
<status status="PASS" start="2025-04-29T14:01:56.436318" elapsed="0.048520"/>
</kw>
<kw name="Sleep" owner="BuiltIn">
<msg time="2025-04-29T14:01:58.485779" level="INFO">Slept 2 seconds.</msg>
<arg>2s</arg>
<doc>Pauses the test executed for the given time.</doc>
<status status="PASS" start="2025-04-29T14:01:56.485132" elapsed="2.001154"/>
</kw>
<status status="PASS" start="2025-04-29T14:01:56.435869" elapsed="2.050663"/>
</kw>
<status status="PASS" start="2025-04-29T14:01:56.435221" elapsed="2.051444"/>
</kw>
<kw name="Verify User Is Updated" owner="actions">
<kw name="Wait For Elements State" owner="Browser">
<msg time="2025-04-29T14:02:02.076136" level="INFO">Waited for Element with selector text=aranga1 at state visible</msg>
<arg>text=${emp_username}</arg>
<arg>state=visible</arg>
<arg>timeout=10s</arg>
<tag>PageContent</tag>
<tag>Wait</tag>
<doc>Waits for the element found by ``selector`` to satisfy state option.</doc>
<status status="PASS" start="2025-04-29T14:01:58.488474" elapsed="3.588131"/>
</kw>
<arg>${employee_username}</arg>
<status status="PASS" start="2025-04-29T14:01:58.487568" elapsed="3.589320"/>
</kw>
<msg time="2025-04-29T14:02:02.083036" level="INFO">Set timeout to: 10000</msg>
<msg time="2025-04-29T14:02:02.103512" level="INFO">Switching context to context=7bd21671-48eb-4857-96db-44e1bf2bb3b4 in CURRENT</msg>
<msg time="2025-04-29T14:02:02.138127" level="INFO">Successfully changed active context: context=7bd21671-48eb-4857-96db-44e1bf2bb3b4</msg>
<msg time="2025-04-29T14:02:02.201484" level="INFO">Successfully closed Context</msg>
<status status="PASS" start="2025-04-29T14:01:38.967602" elapsed="23.109814"/>
</test>
<test id="s1-s1-s1-s1-s1-t2" name="Empty User Role When Add New User" line="15">
<kw name="Open Website, Login as Admin, Open User Management Page (All Verified)" owner="tasks" type="SETUP">
<kw name="Open Login Page" owner="actions">
<kw name="Open Browser" owner="Browser">
<msg time="2025-04-29T14:02:02.218035" level="WARN">Open Browser is for quick experimentation and debugging only. Use New Page for production.</msg>
<msg time="2025-04-29T14:02:02.222701" level="INFO">Switching browser to browser=0d39740e-4a4b-461d-b958-3f873289fb83</msg>
<msg time="2025-04-29T14:02:02.230617" level="INFO">Successfully changed active browser: browser=0d39740e-4a4b-461d-b958-3f873289fb83</msg>
<msg time="2025-04-29T14:02:02.231395" level="INFO">Reusing existing browser with id: browser=0d39740e-4a4b-461d-b958-3f873289fb83</msg>
<msg time="2025-04-29T14:02:02.237418" level="INFO">{
  "acceptDownloads": true,
  "bypassCSP": true,
  "forcedColors": "none",
  "ignoreHTTPSErrors": false,
  "javaScriptEnabled": true,
  "offline": false,
  "reducedMotion": "no-preference",
  "serviceWorkers": "allow",
  "viewport": {
    "height": 720,
    "width": 1280
  }
}</msg>
<msg time="2025-04-29T14:02:02.258187" level="INFO">Successfully created context. </msg>
<msg time="2025-04-29T14:02:02.258794" level="INFO">{'acceptDownloads': True, 'bypassCSP': True, 'forcedColors': 'none', 'ignoreHTTPSErrors': False, 'javaScriptEnabled': True, 'offline': False, 'reducedMotion': 'no-preference', 'serviceWorkers': 'allow', 'viewport': {'height': 720, 'width': 1280}}</msg>
<msg time="2025-04-29T14:02:06.662071" level="INFO">Successfully initialized new page object and opened url: https://opensource-demo.orangehrmlive.com/web/index.php/auth/login</msg>
<arg>${loginpage_url}</arg>
<tag>BrowserControl</tag>
<tag>Setter</tag>
<doc>Opens a new browser instance. Use this keyword for quick experiments or debugging sessions.</doc>
<status status="PASS" start="2025-04-29T14:02:02.216466" elapsed="4.446090"/>
</kw>
<status status="PASS" start="2025-04-29T14:02:02.215217" elapsed="4.447570"/>
</kw>
<kw name="Enter Admin Credentials" owner="actions">
<kw name="Fill Text" owner="Browser">
<msg time="2025-04-29T14:02:06.665809" level="INFO">Fills the text 'Admin' in the given field.</msg>
<arg>${login_username_field}</arg>
<arg>${login_username}</arg>
<tag>PageContent</tag>
<tag>Setter</tag>
<doc>Clears and fills the given ``txt`` into the text field found by ``selector``.</doc>
<status status="PASS" start="2025-04-29T14:02:06.663897" elapsed="0.475744"/>
</kw>
<kw name="Fill Text" owner="Browser">
<msg time="2025-04-29T14:02:07.141953" level="INFO">Fills the text 'admin123' in the given field.</msg>
<arg>${login_password_field}</arg>
<arg>${login_password}</arg>
<tag>PageContent</tag>
<tag>Setter</tag>
<doc>Clears and fills the given ``txt`` into the text field found by ``selector``.</doc>
<status status="PASS" start="2025-04-29T14:02:07.140222" elapsed="0.022131"/>
</kw>
<status status="PASS" start="2025-04-29T14:02:06.663024" elapsed="0.499601"/>
</kw>
<kw name="Click Login Button" owner="actions">
<kw name="Click" owner="Browser">
<msg time="2025-04-29T14:02:07.165461" level="INFO">Clicks the element '//button[@type='submit']'.</msg>
<arg>${login_button}</arg>
<tag>PageContent</tag>
<tag>Setter</tag>
<doc>Simulates mouse click on the element found by ``selector``.</doc>
<status status="PASS" start="2025-04-29T14:02:07.163672" elapsed="1.474926"/>
</kw>
<status status="PASS" start="2025-04-29T14:02:07.162884" elapsed="1.475940"/>
</kw>
<kw name="Verify Admin Login is successful" owner="actions">
<kw name="Wait For Elements State" owner="Browser">
<msg time="2025-04-29T14:02:09.084238" level="INFO">Waited for Element with selector css=h6.oxd-topbar-header-breadcrumb-module at state visible</msg>
<arg>${dashboard_title}</arg>
<arg>visible</arg>
<arg>timeout=10s</arg>
<tag>PageContent</tag>
<tag>Wait</tag>
<doc>Waits for the element found by ``selector`` to satisfy state option.</doc>
<status status="PASS" start="2025-04-29T14:02:08.639674" elapsed="0.445241"/>
</kw>
<kw name="Get Text" owner="Browser">
<msg time="2025-04-29T14:02:09.114796" level="INFO">Text: 'Dashboard'</msg>
<msg time="2025-04-29T14:02:09.115578" level="INFO">${text} = Dashboard</msg>
<var>${text}</var>
<arg>${dashboard_title}</arg>
<tag>Assertion</tag>
<tag>Getter</tag>
<tag>PageContent</tag>
<doc>Returns text attribute of the element found by ``selector``.</doc>
<status status="PASS" start="2025-04-29T14:02:09.085313" elapsed="0.030761"/>
</kw>
<kw name="Should Be Equal" owner="BuiltIn">
<arg>${text}</arg>
<arg>Dashboard</arg>
<doc>Fails if the given objects are unequal.</doc>
<status status="PASS" start="2025-04-29T14:02:09.116906" elapsed="0.000750"/>
</kw>
<status status="PASS" start="2025-04-29T14:02:08.639037" elapsed="0.478800"/>
</kw>
<kw name="Open User Management Page" owner="actions">
<kw name="Click" owner="Browser">
<msg time="2025-04-29T14:02:09.119243" level="INFO">Clicks the element '//a[@class="oxd-main-menu-item"]//span[text()="Admin"]'.</msg>
<arg>${admin_tab}</arg>
<tag>PageContent</tag>
<tag>Setter</tag>
<doc>Simulates mouse click on the element found by ``selector``.</doc>
<status status="PASS" start="2025-04-29T14:02:09.118579" elapsed="1.167353"/>
</kw>
<kw name="Click" owner="Browser">
<msg time="2025-04-29T14:02:10.287722" level="INFO">Clicks the element '//span[normalize-space()='User Management']'.</msg>
<arg>${user_tab}</arg>
<tag>PageContent</tag>
<tag>Setter</tag>
<doc>Simulates mouse click on the element found by ``selector``.</doc>
<status status="PASS" start="2025-04-29T14:02:10.286346" elapsed="1.234054"/>
</kw>
<kw name="Click" owner="Browser">
<msg time="2025-04-29T14:02:11.523557" level="INFO">Clicks the element '//ul[@class='oxd-dropdown-menu']//li'.</msg>
<arg>${user_management_tab}</arg>
<tag>PageContent</tag>
<tag>Setter</tag>
<doc>Simulates mouse click on the element found by ``selector``.</doc>
<status status="PASS" start="2025-04-29T14:02:11.521320" elapsed="0.766795"/>
</kw>
<status status="PASS" start="2025-04-29T14:02:09.118047" elapsed="3.170589"/>
</kw>
<kw name="Verify User Management Page is Opened" owner="actions">
<kw name="Wait For Elements State" owner="Browser">
<msg time="2025-04-29T14:02:12.746396" level="INFO">Waited for Element with selector xpath=//h5[text()='System Users'] at state visible</msg>
<arg>${user_management_title}</arg>
<arg>visible</arg>
<arg>timeout=10s</arg>
<tag>PageContent</tag>
<tag>Wait</tag>
<doc>Waits for the element found by ``selector`` to satisfy state option.</doc>
<status status="PASS" start="2025-04-29T14:02:12.289939" elapsed="0.456884"/>
</kw>
<kw name="Get Text" owner="Browser">
<msg time="2025-04-29T14:02:12.783140" level="INFO">Text: 'System Users'</msg>
<msg time="2025-04-29T14:02:12.783717" level="INFO">${text} = System Users</msg>
<var>${text}</var>
<arg>${user_management_title}</arg>
<tag>Assertion</tag>
<tag>Getter</tag>
<tag>PageContent</tag>
<doc>Returns text attribute of the element found by ``selector``.</doc>
<status status="PASS" start="2025-04-29T14:02:12.747120" elapsed="0.036870"/>
</kw>
<kw name="Should Be Equal" owner="BuiltIn">
<arg>${text}</arg>
<arg>System Users</arg>
<doc>Fails if the given objects are unequal.</doc>
<status status="PASS" start="2025-04-29T14:02:12.784449" elapsed="0.001251"/>
</kw>
<status status="PASS" start="2025-04-29T14:02:12.289029" elapsed="0.496935"/>
</kw>
<status status="PASS" start="2025-04-29T14:02:02.213331" elapsed="10.572791"/>
</kw>
<kw name="Select Add button" owner="tasks">
<kw name="Select Add User Button" owner="actions">
<kw name="Click" owner="Browser">
<msg time="2025-04-29T14:02:12.789472" level="INFO">Clicks the element '//button[normalize-space()='Add']'.</msg>
<arg>${add_user_button}</arg>
<tag>PageContent</tag>
<tag>Setter</tag>
<doc>Simulates mouse click on the element found by ``selector``.</doc>
<status status="PASS" start="2025-04-29T14:02:12.788617" elapsed="0.604732"/>
</kw>
<kw name="Sleep" owner="BuiltIn">
<msg time="2025-04-29T14:02:15.395609" level="INFO">Slept 2 seconds.</msg>
<arg>2s</arg>
<doc>Pauses the test executed for the given time.</doc>
<status status="PASS" start="2025-04-29T14:02:13.393960" elapsed="2.002451"/>
</kw>
<status status="PASS" start="2025-04-29T14:02:12.787943" elapsed="2.608788"/>
</kw>
<kw name="Verify is add user page" owner="actions">
<kw name="Wait For Elements State" owner="Browser">
<msg time="2025-04-29T14:02:15.427576" level="INFO">Waited for Element with selector //h6[text()='Add User'] at state visible</msg>
<arg>${add_user_header}</arg>
<arg>visible</arg>
<arg>timeout=10s</arg>
<tag>PageContent</tag>
<tag>Wait</tag>
<doc>Waits for the element found by ``selector`` to satisfy state option.</doc>
<status status="PASS" start="2025-04-29T14:02:15.398035" elapsed="0.030358"/>
</kw>
<kw name="Get Text" owner="Browser">
<msg time="2025-04-29T14:02:15.466859" level="INFO">Text: 'Add User'</msg>
<msg time="2025-04-29T14:02:15.467661" level="INFO">${text} = Add User</msg>
<var>${text}</var>
<arg>${add_user_header}</arg>
<tag>Assertion</tag>
<tag>Getter</tag>
<tag>PageContent</tag>
<doc>Returns text attribute of the element found by ``selector``.</doc>
<status status="PASS" start="2025-04-29T14:02:15.428927" elapsed="0.039251"/>
</kw>
<kw name="Should Be Equal" owner="BuiltIn">
<arg>${text}</arg>
<arg>Add User</arg>
<doc>Fails if the given objects are unequal.</doc>
<status status="PASS" start="2025-04-29T14:02:15.468634" elapsed="0.001302"/>
</kw>
<status status="PASS" start="2025-04-29T14:02:15.397153" elapsed="0.073144"/>
</kw>
<status status="PASS" start="2025-04-29T14:02:12.786725" elapsed="2.683837"/>
</kw>
<kw name="Fill in all Details" owner="tasks">
<kw name="Select from Selection Dropdown" owner="actions">
<kw name="Click" owner="Browser">
<msg time="2025-04-29T14:02:15.475345" level="INFO">Clicks the element 'css=label:has-text("User Role") &gt;&gt; xpath=../following-sibling::div//div[contains(@class,"oxd-select-text-input")]'.</msg>
<arg>${field}</arg>
<tag>PageContent</tag>
<tag>Setter</tag>
<doc>Simulates mouse click on the element found by ``selector``.</doc>
<status status="PASS" start="2025-04-29T14:02:15.474020" elapsed="0.030014"/>
</kw>
<kw name="Click" owner="Browser">
<msg time="2025-04-29T14:02:15.505444" level="INFO">Clicks the element 'css=.oxd-select-dropdown &gt; div:has-text("-- Select --")'.</msg>
<arg>${content}</arg>
<tag>PageContent</tag>
<tag>Setter</tag>
<doc>Simulates mouse click on the element found by ``selector``.</doc>
<status status="PASS" start="2025-04-29T14:02:15.504382" elapsed="0.048683"/>
</kw>
<arg>${user_role_field}</arg>
<arg>${input_user_role}</arg>
<status status="PASS" start="2025-04-29T14:02:15.472921" elapsed="0.080413"/>
</kw>
<kw name="Select from Selection Dropdown" owner="actions">
<kw name="Click" owner="Browser">
<msg time="2025-04-29T14:02:15.555438" level="INFO">Clicks the element 'css=label:has-text("Status") &gt;&gt; xpath=../following-sibling::div//div[contains(@class,"oxd-select-text-input")]'.</msg>
<arg>${field}</arg>
<tag>PageContent</tag>
<tag>Setter</tag>
<doc>Simulates mouse click on the element found by ``selector``.</doc>
<status status="PASS" start="2025-04-29T14:02:15.554560" elapsed="0.049569"/>
</kw>
<kw name="Click" owner="Browser">
<msg time="2025-04-29T14:02:15.605622" level="INFO">Clicks the element 'css=.oxd-select-dropdown &gt; div:has-text("Enabled")'.</msg>
<arg>${content}</arg>
<tag>PageContent</tag>
<tag>Setter</tag>
<doc>Simulates mouse click on the element found by ``selector``.</doc>
<status status="PASS" start="2025-04-29T14:02:15.604492" elapsed="0.050162"/>
</kw>
<arg>${employee_status_field}</arg>
<arg>${input_employee_status}</arg>
<status status="PASS" start="2025-04-29T14:02:15.553629" elapsed="0.101287"/>
</kw>
<kw name="Select from Employee DropDown" owner="actions">
<kw name="Type Text" owner="Browser">
<msg time="2025-04-29T14:02:15.658004" level="INFO">Types the text 'Ranga  Akunuri' in the given field.</msg>
<arg>${field}</arg>
<arg>${content}</arg>
<tag>PageContent</tag>
<tag>Setter</tag>
<doc>Types the given ``txt`` into the text field found by ``selector``.</doc>
<status status="PASS" start="2025-04-29T14:02:15.656283" elapsed="0.083044"/>
</kw>
<kw name="Sleep" owner="BuiltIn">
<msg time="2025-04-29T14:02:17.741514" level="INFO">Slept 2 seconds.</msg>
<arg>2s</arg>
<doc>Pauses the test executed for the given time.</doc>
<status status="PASS" start="2025-04-29T14:02:15.739696" elapsed="2.002208"/>
</kw>
<kw name="Get Element Count" owner="Browser">
<msg time="2025-04-29T14:02:17.749933" level="INFO">${count} = 1</msg>
<var>${count}</var>
<arg>text=${content}</arg>
<tag>Assertion</tag>
<tag>Getter</tag>
<tag>PageContent</tag>
<doc>Returns the count of elements found with ``selector``.</doc>
<status status="PASS" start="2025-04-29T14:02:17.742350" elapsed="0.007989"/>
</kw>
<if>
<branch type="IF" condition="${count} &gt; 0">
<kw name="Click" owner="Browser">
<msg time="2025-04-29T14:02:17.752276" level="INFO">Clicks the element 'text=Ranga  Akunuri'.</msg>
<arg>text=${content}</arg>
<tag>PageContent</tag>
<tag>Setter</tag>
<doc>Simulates mouse click on the element found by ``selector``.</doc>
<status status="PASS" start="2025-04-29T14:02:17.751378" elapsed="0.032287"/>
</kw>
<status status="PASS" start="2025-04-29T14:02:17.750616" elapsed="0.033257"/>
</branch>
<branch type="ELSE">
<kw name="Click" owner="Browser">
<arg>${invalid_ename}</arg>
<tag>PageContent</tag>
<tag>Setter</tag>
<doc>Simulates mouse click on the element found by ``selector``.</doc>
<status status="NOT RUN" start="2025-04-29T14:02:17.784490" elapsed="0.000281"/>
</kw>
<status status="NOT RUN" start="2025-04-29T14:02:17.783971" elapsed="0.000925"/>
</branch>
<status status="PASS" start="2025-04-29T14:02:17.750574" elapsed="0.034385"/>
</if>
<arg>${employee_name_field}</arg>
<arg>${input_employee_name}</arg>
<status status="PASS" start="2025-04-29T14:02:15.655288" elapsed="2.129766"/>
</kw>
<kw name="Fill in Text Field" owner="actions">
<kw name="Type Text" owner="Browser">
<msg time="2025-04-29T14:02:17.786775" level="INFO">Types the text 'aranga12' in the given field.</msg>
<arg>${field}</arg>
<arg>${content}</arg>
<tag>PageContent</tag>
<tag>Setter</tag>
<doc>Types the given ``txt`` into the text field found by ``selector``.</doc>
<status status="PASS" start="2025-04-29T14:02:17.786016" elapsed="0.050286"/>
</kw>
<arg>${employee_username_field}</arg>
<arg>${input_employee_username}</arg>
<status status="PASS" start="2025-04-29T14:02:17.785349" elapsed="0.051208"/>
</kw>
<kw name="Fill in Text Field" owner="actions">
<kw name="Type Text" owner="Browser">
<msg time="2025-04-29T14:02:17.839079" level="INFO">Types the text '1122Qwerty!!' in the given field.</msg>
<arg>${field}</arg>
<arg>${content}</arg>
<tag>PageContent</tag>
<tag>Setter</tag>
<doc>Types the given ``txt`` into the text field found by ``selector``.</doc>
<status status="PASS" start="2025-04-29T14:02:17.837675" elapsed="0.058226"/>
</kw>
<arg>${employee_password_field}</arg>
<arg>${input_employee_password}</arg>
<status status="PASS" start="2025-04-29T14:02:17.836851" elapsed="0.059298"/>
</kw>
<kw name="Fill in Text Field" owner="actions">
<kw name="Type Text" owner="Browser">
<msg time="2025-04-29T14:02:17.898131" level="INFO">Types the text '1122Qwerty!!' in the given field.</msg>
<arg>${field}</arg>
<arg>${content}</arg>
<tag>PageContent</tag>
<tag>Setter</tag>
<doc>Types the given ``txt`` into the text field found by ``selector``.</doc>
<status status="PASS" start="2025-04-29T14:02:17.897303" elapsed="0.061106"/>
</kw>
<arg>${employee_confirm_password_field}</arg>
<arg>${input_employee_confirm_password}</arg>
<status status="PASS" start="2025-04-29T14:02:17.896409" elapsed="0.062390"/>
</kw>
<arg>${invalid_role}</arg>
<arg>${enabled_employee_status}</arg>
<arg>${employee_name}</arg>
<arg>aranga12</arg>
<arg>${employee_password}</arg>
<arg>${employee_confirm_password}</arg>
<status status="PASS" start="2025-04-29T14:02:15.471536" elapsed="2.487479"/>
</kw>
<kw name="Select Save Button" owner="tasks">
<kw name="Click Save Button" owner="actions">
<kw name="Click" owner="Browser">
<msg time="2025-04-29T14:02:17.961704" level="INFO">Clicks the element '//button[@type='submit']'.</msg>
<arg>${save_user_button}</arg>
<tag>PageContent</tag>
<tag>Setter</tag>
<doc>Simulates mouse click on the element found by ``selector``.</doc>
<status status="PASS" start="2025-04-29T14:02:17.960916" elapsed="0.038575"/>
</kw>
<kw name="Sleep" owner="BuiltIn">
<msg time="2025-04-29T14:02:20.001241" level="INFO">Slept 2 seconds.</msg>
<arg>2s</arg>
<doc>Pauses the test executed for the given time.</doc>
<status status="PASS" start="2025-04-29T14:02:17.999838" elapsed="2.001769"/>
</kw>
<status status="PASS" start="2025-04-29T14:02:17.960334" elapsed="2.041468"/>
</kw>
<status status="PASS" start="2025-04-29T14:02:17.959518" elapsed="2.042405"/>
</kw>
<kw name="Verify Error Message" owner="tasks">
<kw name="Wait For Elements State" owner="Browser">
<msg time="2025-04-29T14:02:20.013202" level="INFO">Waited for Element with selector css=.oxd-input-field-error-message at state visible</msg>
<arg>${error_message_field}</arg>
<arg>visible</arg>
<arg>timeout=10s</arg>
<tag>PageContent</tag>
<tag>Wait</tag>
<doc>Waits for the element found by ``selector`` to satisfy state option.</doc>
<status status="PASS" start="2025-04-29T14:02:20.003925" elapsed="0.009933"/>
</kw>
<kw name="Get Text" owner="Browser">
<msg time="2025-04-29T14:02:20.037986" level="INFO">Text: 'Required'</msg>
<msg time="2025-04-29T14:02:20.039410" level="INFO">${text} = Required</msg>
<var>${text}</var>
<arg>${error_message_field}</arg>
<tag>Assertion</tag>
<tag>Getter</tag>
<tag>PageContent</tag>
<doc>Returns text attribute of the element found by ``selector``.</doc>
<status status="PASS" start="2025-04-29T14:02:20.014179" elapsed="0.025786"/>
</kw>
<kw name="Should Be Equal" owner="BuiltIn">
<arg>${text}</arg>
<arg>${error_message}</arg>
<doc>Fails if the given objects are unequal.</doc>
<status status="PASS" start="2025-04-29T14:02:20.040392" elapsed="0.001173"/>
</kw>
<arg>${role_error_message}</arg>
<status status="PASS" start="2025-04-29T14:02:20.002563" elapsed="0.039221"/>
</kw>
<msg time="2025-04-29T14:02:20.045891" level="INFO">Set timeout to: 10000</msg>
<msg time="2025-04-29T14:02:20.063731" level="INFO">Switching context to context=92cd13a6-870b-4b76-b0b8-9eae2a0f82ad in CURRENT</msg>
<msg time="2025-04-29T14:02:20.076511" level="INFO">Successfully changed active context: context=92cd13a6-870b-4b76-b0b8-9eae2a0f82ad</msg>
<msg time="2025-04-29T14:02:20.135595" level="INFO">Successfully closed Context</msg>
<status status="PASS" start="2025-04-29T14:02:02.205625" elapsed="17.836673"/>
</test>
<test id="s1-s1-s1-s1-s1-t3" name="Empty User Status When Add New User" line="22">
<kw name="Open Website, Login as Admin, Open User Management Page (All Verified)" owner="tasks" type="SETUP">
<kw name="Open Login Page" owner="actions">
<kw name="Open Browser" owner="Browser">
<msg time="2025-04-29T14:02:20.150378" level="WARN">Open Browser is for quick experimentation and debugging only. Use New Page for production.</msg>
<msg time="2025-04-29T14:02:20.158280" level="INFO">Switching browser to browser=0d39740e-4a4b-461d-b958-3f873289fb83</msg>
<msg time="2025-04-29T14:02:20.164191" level="INFO">Successfully changed active browser: browser=0d39740e-4a4b-461d-b958-3f873289fb83</msg>
<msg time="2025-04-29T14:02:20.165642" level="INFO">Reusing existing browser with id: browser=0d39740e-4a4b-461d-b958-3f873289fb83</msg>
<msg time="2025-04-29T14:02:20.173878" level="INFO">{
  "acceptDownloads": true,
  "bypassCSP": true,
  "forcedColors": "none",
  "ignoreHTTPSErrors": false,
  "javaScriptEnabled": true,
  "offline": false,
  "reducedMotion": "no-preference",
  "serviceWorkers": "allow",
  "viewport": {
    "height": 720,
    "width": 1280
  }
}</msg>
<msg time="2025-04-29T14:02:20.193617" level="INFO">Successfully created context. </msg>
<msg time="2025-04-29T14:02:20.194262" level="INFO">{'acceptDownloads': True, 'bypassCSP': True, 'forcedColors': 'none', 'ignoreHTTPSErrors': False, 'javaScriptEnabled': True, 'offline': False, 'reducedMotion': 'no-preference', 'serviceWorkers': 'allow', 'viewport': {'height': 720, 'width': 1280}}</msg>
<msg time="2025-04-29T14:02:23.925091" level="INFO">Successfully initialized new page object and opened url: https://opensource-demo.orangehrmlive.com/web/index.php/auth/login</msg>
<arg>${loginpage_url}</arg>
<tag>BrowserControl</tag>
<tag>Setter</tag>
<doc>Opens a new browser instance. Use this keyword for quick experiments or debugging sessions.</doc>
<status status="PASS" start="2025-04-29T14:02:20.149119" elapsed="3.777059"/>
</kw>
<status status="PASS" start="2025-04-29T14:02:20.148165" elapsed="3.778347"/>
</kw>
<kw name="Enter Admin Credentials" owner="actions">
<kw name="Fill Text" owner="Browser">
<msg time="2025-04-29T14:02:23.928976" level="INFO">Fills the text 'Admin' in the given field.</msg>
<arg>${login_username_field}</arg>
<arg>${login_username}</arg>
<tag>PageContent</tag>
<tag>Setter</tag>
<doc>Clears and fills the given ``txt`` into the text field found by ``selector``.</doc>
<status status="PASS" start="2025-04-29T14:02:23.927862" elapsed="0.477412"/>
</kw>
<kw name="Fill Text" owner="Browser">
<msg time="2025-04-29T14:02:24.406711" level="INFO">Fills the text 'admin123' in the given field.</msg>
<arg>${login_password_field}</arg>
<arg>${login_password}</arg>
<tag>PageContent</tag>
<tag>Setter</tag>
<doc>Clears and fills the given ``txt`` into the text field found by ``selector``.</doc>
<status status="PASS" start="2025-04-29T14:02:24.405690" elapsed="0.017022"/>
</kw>
<status status="PASS" start="2025-04-29T14:02:23.926900" elapsed="0.496056"/>
</kw>
<kw name="Click Login Button" owner="actions">
<kw name="Click" owner="Browser">
<msg time="2025-04-29T14:02:24.424609" level="INFO">Clicks the element '//button[@type='submit']'.</msg>
<arg>${login_button}</arg>
<tag>PageContent</tag>
<tag>Setter</tag>
<doc>Simulates mouse click on the element found by ``selector``.</doc>
<status status="PASS" start="2025-04-29T14:02:24.423886" elapsed="1.514321"/>
</kw>
<status status="PASS" start="2025-04-29T14:02:24.423189" elapsed="1.515246"/>
</kw>
<kw name="Verify Admin Login is successful" owner="actions">
<kw name="Wait For Elements State" owner="Browser">
<msg time="2025-04-29T14:02:26.882916" level="INFO">Waited for Element with selector css=h6.oxd-topbar-header-breadcrumb-module at state visible</msg>
<arg>${dashboard_title}</arg>
<arg>visible</arg>
<arg>timeout=10s</arg>
<tag>PageContent</tag>
<tag>Wait</tag>
<doc>Waits for the element found by ``selector`` to satisfy state option.</doc>
<status status="PASS" start="2025-04-29T14:02:25.939347" elapsed="0.944340"/>
</kw>
<kw name="Get Text" owner="Browser">
<msg time="2025-04-29T14:02:26.916836" level="INFO">Text: 'Dashboard'</msg>
<msg time="2025-04-29T14:02:26.917599" level="INFO">${text} = Dashboard</msg>
<var>${text}</var>
<arg>${dashboard_title}</arg>
<tag>Assertion</tag>
<tag>Getter</tag>
<tag>PageContent</tag>
<doc>Returns text attribute of the element found by ``selector``.</doc>
<status status="PASS" start="2025-04-29T14:02:26.884189" elapsed="0.033748"/>
</kw>
<kw name="Should Be Equal" owner="BuiltIn">
<arg>${text}</arg>
<arg>Dashboard</arg>
<doc>Fails if the given objects are unequal.</doc>
<status status="PASS" start="2025-04-29T14:02:26.918373" elapsed="0.001057"/>
</kw>
<status status="PASS" start="2025-04-29T14:02:25.938659" elapsed="0.981150"/>
</kw>
<kw name="Open User Management Page" owner="actions">
<kw name="Click" owner="Browser">
<msg time="2025-04-29T14:02:26.922241" level="INFO">Clicks the element '//a[@class="oxd-main-menu-item"]//span[text()="Admin"]'.</msg>
<arg>${admin_tab}</arg>
<tag>PageContent</tag>
<tag>Setter</tag>
<doc>Simulates mouse click on the element found by ``selector``.</doc>
<status status="PASS" start="2025-04-29T14:02:26.921237" elapsed="1.005311"/>
</kw>
<kw name="Click" owner="Browser">
<msg time="2025-04-29T14:02:27.928036" level="INFO">Clicks the element '//span[normalize-space()='User Management']'.</msg>
<arg>${user_tab}</arg>
<tag>PageContent</tag>
<tag>Setter</tag>
<doc>Simulates mouse click on the element found by ``selector``.</doc>
<status status="PASS" start="2025-04-29T14:02:27.926929" elapsed="0.910839"/>
</kw>
<kw name="Click" owner="Browser">
<msg time="2025-04-29T14:02:28.839627" level="INFO">Clicks the element '//ul[@class='oxd-dropdown-menu']//li'.</msg>
<arg>${user_management_tab}</arg>
<tag>PageContent</tag>
<tag>Setter</tag>
<doc>Simulates mouse click on the element found by ``selector``.</doc>
<status status="PASS" start="2025-04-29T14:02:28.838348" elapsed="0.844409"/>
</kw>
<status status="PASS" start="2025-04-29T14:02:26.920290" elapsed="2.762789"/>
</kw>
<kw name="Verify User Management Page is Opened" owner="actions">
<kw name="Wait For Elements State" owner="Browser">
<msg time="2025-04-29T14:02:30.138700" level="INFO">Waited for Element with selector xpath=//h5[text()='System Users'] at state visible</msg>
<arg>${user_management_title}</arg>
<arg>visible</arg>
<arg>timeout=10s</arg>
<tag>PageContent</tag>
<tag>Wait</tag>
<doc>Waits for the element found by ``selector`` to satisfy state option.</doc>
<status status="PASS" start="2025-04-29T14:02:29.685037" elapsed="0.454428"/>
</kw>
<kw name="Get Text" owner="Browser">
<msg time="2025-04-29T14:02:30.184000" level="INFO">Text: 'System Users'</msg>
<msg time="2025-04-29T14:02:30.184564" level="INFO">${text} = System Users</msg>
<var>${text}</var>
<arg>${user_management_title}</arg>
<tag>Assertion</tag>
<tag>Getter</tag>
<tag>PageContent</tag>
<doc>Returns text attribute of the element found by ``selector``.</doc>
<status status="PASS" start="2025-04-29T14:02:30.140011" elapsed="0.044902"/>
</kw>
<kw name="Should Be Equal" owner="BuiltIn">
<arg>${text}</arg>
<arg>System Users</arg>
<doc>Fails if the given objects are unequal.</doc>
<status status="PASS" start="2025-04-29T14:02:30.185251" elapsed="0.001079"/>
</kw>
<status status="PASS" start="2025-04-29T14:02:29.683491" elapsed="0.503173"/>
</kw>
<status status="PASS" start="2025-04-29T14:02:20.146945" elapsed="10.040168"/>
</kw>
<kw name="Select Add button" owner="tasks">
<kw name="Select Add User Button" owner="actions">
<kw name="Click" owner="Browser">
<msg time="2025-04-29T14:02:30.191828" level="INFO">Clicks the element '//button[normalize-space()='Add']'.</msg>
<arg>${add_user_button}</arg>
<tag>PageContent</tag>
<tag>Setter</tag>
<doc>Simulates mouse click on the element found by ``selector``.</doc>
<status status="PASS" start="2025-04-29T14:02:30.190219" elapsed="0.506463"/>
</kw>
<kw name="Sleep" owner="BuiltIn">
<msg time="2025-04-29T14:02:32.698668" level="INFO">Slept 2 seconds.</msg>
<arg>2s</arg>
<doc>Pauses the test executed for the given time.</doc>
<status status="PASS" start="2025-04-29T14:02:30.697342" elapsed="2.001782"/>
</kw>
<status status="PASS" start="2025-04-29T14:02:30.189026" elapsed="2.510355"/>
</kw>
<kw name="Verify is add user page" owner="actions">
<kw name="Wait For Elements State" owner="Browser">
<msg time="2025-04-29T14:02:32.718049" level="INFO">Waited for Element with selector //h6[text()='Add User'] at state visible</msg>
<arg>${add_user_header}</arg>
<arg>visible</arg>
<arg>timeout=10s</arg>
<tag>PageContent</tag>
<tag>Wait</tag>
<doc>Waits for the element found by ``selector`` to satisfy state option.</doc>
<status status="PASS" start="2025-04-29T14:02:32.701051" elapsed="0.017330"/>
</kw>
<kw name="Get Text" owner="Browser">
<msg time="2025-04-29T14:02:32.734758" level="INFO">Text: 'Add User'</msg>
<msg time="2025-04-29T14:02:32.735161" level="INFO">${text} = Add User</msg>
<var>${text}</var>
<arg>${add_user_header}</arg>
<tag>Assertion</tag>
<tag>Getter</tag>
<tag>PageContent</tag>
<doc>Returns text attribute of the element found by ``selector``.</doc>
<status status="PASS" start="2025-04-29T14:02:32.718601" elapsed="0.016707"/>
</kw>
<kw name="Should Be Equal" owner="BuiltIn">
<arg>${text}</arg>
<arg>Add User</arg>
<doc>Fails if the given objects are unequal.</doc>
<status status="PASS" start="2025-04-29T14:02:32.735511" elapsed="0.000538"/>
</kw>
<status status="PASS" start="2025-04-29T14:02:32.699699" elapsed="0.036471"/>
</kw>
<status status="PASS" start="2025-04-29T14:02:30.187821" elapsed="2.548428"/>
</kw>
<kw name="Fill in all Details" owner="tasks">
<kw name="Select from Selection Dropdown" owner="actions">
<kw name="Click" owner="Browser">
<msg time="2025-04-29T14:02:32.738229" level="INFO">Clicks the element 'css=label:has-text("User Role") &gt;&gt; xpath=../following-sibling::div//div[contains(@class,"oxd-select-text-input")]'.</msg>
<arg>${field}</arg>
<tag>PageContent</tag>
<tag>Setter</tag>
<doc>Simulates mouse click on the element found by ``selector``.</doc>
<status status="PASS" start="2025-04-29T14:02:32.737734" elapsed="0.047027"/>
</kw>
<kw name="Click" owner="Browser">
<msg time="2025-04-29T14:02:32.785620" level="INFO">Clicks the element 'css=.oxd-select-dropdown &gt; div:has-text("ESS")'.</msg>
<arg>${content}</arg>
<tag>PageContent</tag>
<tag>Setter</tag>
<doc>Simulates mouse click on the element found by ``selector``.</doc>
<status status="PASS" start="2025-04-29T14:02:32.784978" elapsed="0.033895"/>
</kw>
<arg>${user_role_field}</arg>
<arg>${input_user_role}</arg>
<status status="PASS" start="2025-04-29T14:02:32.737315" elapsed="0.081731"/>
</kw>
<kw name="Select from Selection Dropdown" owner="actions">
<kw name="Click" owner="Browser">
<msg time="2025-04-29T14:02:32.820510" level="INFO">Clicks the element 'css=label:has-text("Status") &gt;&gt; xpath=../following-sibling::div//div[contains(@class,"oxd-select-text-input")]'.</msg>
<arg>${field}</arg>
<tag>PageContent</tag>
<tag>Setter</tag>
<doc>Simulates mouse click on the element found by ``selector``.</doc>
<status status="PASS" start="2025-04-29T14:02:32.819920" elapsed="0.029906"/>
</kw>
<kw name="Click" owner="Browser">
<msg time="2025-04-29T14:02:32.850744" level="INFO">Clicks the element '//div[contains(@class, 'oxd-select-text-input') and normalize-space(text())='-- Select --']'.</msg>
<arg>${content}</arg>
<tag>PageContent</tag>
<tag>Setter</tag>
<doc>Simulates mouse click on the element found by ``selector``.</doc>
<status status="PASS" start="2025-04-29T14:02:32.850089" elapsed="0.033628"/>
</kw>
<arg>${employee_status_field}</arg>
<arg>${input_employee_status}</arg>
<status status="PASS" start="2025-04-29T14:02:32.819238" elapsed="0.064664"/>
</kw>
<kw name="Select from Employee DropDown" owner="actions">
<kw name="Type Text" owner="Browser">
<msg time="2025-04-29T14:02:32.885189" level="INFO">Types the text 'Ranga  Akunuri' in the given field.</msg>
<arg>${field}</arg>
<arg>${content}</arg>
<tag>PageContent</tag>
<tag>Setter</tag>
<doc>Types the given ``txt`` into the text field found by ``selector``.</doc>
<status status="PASS" start="2025-04-29T14:02:32.884669" elapsed="0.045820"/>
</kw>
<kw name="Sleep" owner="BuiltIn">
<msg time="2025-04-29T14:02:34.931330" level="INFO">Slept 2 seconds.</msg>
<arg>2s</arg>
<doc>Pauses the test executed for the given time.</doc>
<status status="PASS" start="2025-04-29T14:02:32.930720" elapsed="2.001014"/>
</kw>
<kw name="Get Element Count" owner="Browser">
<msg time="2025-04-29T14:02:34.937291" level="INFO">${count} = 1</msg>
<var>${count}</var>
<arg>text=${content}</arg>
<tag>Assertion</tag>
<tag>Getter</tag>
<tag>PageContent</tag>
<doc>Returns the count of elements found with ``selector``.</doc>
<status status="PASS" start="2025-04-29T14:02:34.931938" elapsed="0.005649"/>
</kw>
<if>
<branch type="IF" condition="${count} &gt; 0">
<kw name="Click" owner="Browser">
<msg time="2025-04-29T14:02:34.939085" level="INFO">Clicks the element 'text=Ranga  Akunuri'.</msg>
<arg>text=${content}</arg>
<tag>PageContent</tag>
<tag>Setter</tag>
<doc>Simulates mouse click on the element found by ``selector``.</doc>
<status status="PASS" start="2025-04-29T14:02:34.938331" elapsed="0.028864"/>
</kw>
<status status="PASS" start="2025-04-29T14:02:34.937793" elapsed="0.029567"/>
</branch>
<branch type="ELSE">
<kw name="Click" owner="Browser">
<arg>${invalid_ename}</arg>
<tag>PageContent</tag>
<tag>Setter</tag>
<doc>Simulates mouse click on the element found by ``selector``.</doc>
<status status="NOT RUN" start="2025-04-29T14:02:34.967831" elapsed="0.000206"/>
</kw>
<status status="NOT RUN" start="2025-04-29T14:02:34.967423" elapsed="0.000709"/>
</branch>
<status status="PASS" start="2025-04-29T14:02:34.937761" elapsed="0.030415"/>
</if>
<arg>${employee_name_field}</arg>
<arg>${input_employee_name}</arg>
<status status="PASS" start="2025-04-29T14:02:32.884118" elapsed="2.084126"/>
</kw>
<kw name="Fill in Text Field" owner="actions">
<kw name="Type Text" owner="Browser">
<msg time="2025-04-29T14:02:34.969433" level="INFO">Types the text 'aranga13' in the given field.</msg>
<arg>${field}</arg>
<arg>${content}</arg>
<tag>PageContent</tag>
<tag>Setter</tag>
<doc>Types the given ``txt`` into the text field found by ``selector``.</doc>
<status status="PASS" start="2025-04-29T14:02:34.968863" elapsed="0.033854"/>
</kw>
<arg>${employee_username_field}</arg>
<arg>${input_employee_username}</arg>
<status status="PASS" start="2025-04-29T14:02:34.968412" elapsed="0.034514"/>
</kw>
<kw name="Fill in Text Field" owner="actions">
<kw name="Type Text" owner="Browser">
<msg time="2025-04-29T14:02:35.004372" level="INFO">Types the text '1122Qwerty!!' in the given field.</msg>
<arg>${field}</arg>
<arg>${content}</arg>
<tag>PageContent</tag>
<tag>Setter</tag>
<doc>Types the given ``txt`` into the text field found by ``selector``.</doc>
<status status="PASS" start="2025-04-29T14:02:35.003790" elapsed="0.041655"/>
</kw>
<arg>${employee_password_field}</arg>
<arg>${input_employee_password}</arg>
<status status="PASS" start="2025-04-29T14:02:35.003116" elapsed="0.042570"/>
</kw>
<kw name="Fill in Text Field" owner="actions">
<kw name="Type Text" owner="Browser">
<msg time="2025-04-29T14:02:35.047311" level="INFO">Types the text '1122Qwerty!!' in the given field.</msg>
<arg>${field}</arg>
<arg>${content}</arg>
<tag>PageContent</tag>
<tag>Setter</tag>
<doc>Types the given ``txt`` into the text field found by ``selector``.</doc>
<status status="PASS" start="2025-04-29T14:02:35.046592" elapsed="0.040305"/>
</kw>
<arg>${employee_confirm_password_field}</arg>
<arg>${input_employee_confirm_password}</arg>
<status status="PASS" start="2025-04-29T14:02:35.045880" elapsed="0.041228"/>
</kw>
<arg>${ess_role}</arg>
<arg>${invalid_status}</arg>
<arg>${employee_name}</arg>
<arg>aranga13</arg>
<arg>${employee_password}</arg>
<arg>${employee_confirm_password}</arg>
<status status="PASS" start="2025-04-29T14:02:32.736696" elapsed="2.350523"/>
</kw>
<kw name="Select Save Button" owner="tasks">
<kw name="Click Save Button" owner="actions">
<kw name="Click" owner="Browser">
<msg time="2025-04-29T14:02:35.089456" level="INFO">Clicks the element '//button[@type='submit']'.</msg>
<arg>${save_user_button}</arg>
<tag>PageContent</tag>
<tag>Setter</tag>
<doc>Simulates mouse click on the element found by ``selector``.</doc>
<status status="PASS" start="2025-04-29T14:02:35.088805" elapsed="0.043820"/>
</kw>
<kw name="Sleep" owner="BuiltIn">
<msg time="2025-04-29T14:02:37.133653" level="INFO">Slept 2 seconds.</msg>
<arg>2s</arg>
<doc>Pauses the test executed for the given time.</doc>
<status status="PASS" start="2025-04-29T14:02:35.132869" elapsed="2.001220"/>
</kw>
<status status="PASS" start="2025-04-29T14:02:35.088338" elapsed="2.045979"/>
</kw>
<status status="PASS" start="2025-04-29T14:02:35.087631" elapsed="2.046833"/>
</kw>
<kw name="Verify Error Message" owner="tasks">
<kw name="Wait For Elements State" owner="Browser">
<msg time="2025-04-29T14:02:37.146539" level="INFO">Waited for Element with selector css=.oxd-input-field-error-message at state visible</msg>
<arg>${error_message_field}</arg>
<arg>visible</arg>
<arg>timeout=10s</arg>
<tag>PageContent</tag>
<tag>Wait</tag>
<doc>Waits for the element found by ``selector`` to satisfy state option.</doc>
<status status="PASS" start="2025-04-29T14:02:37.135676" elapsed="0.011394"/>
</kw>
<kw name="Get Text" owner="Browser">
<msg time="2025-04-29T14:02:37.169351" level="INFO">Text: 'Required'</msg>
<msg time="2025-04-29T14:02:37.169877" level="INFO">${text} = Required</msg>
<var>${text}</var>
<arg>${error_message_field}</arg>
<tag>Assertion</tag>
<tag>Getter</tag>
<tag>PageContent</tag>
<doc>Returns text attribute of the element found by ``selector``.</doc>
<status status="PASS" start="2025-04-29T14:02:37.147413" elapsed="0.023011"/>
</kw>
<kw name="Should Be Equal" owner="BuiltIn">
<arg>${text}</arg>
<arg>${error_message}</arg>
<doc>Fails if the given objects are unequal.</doc>
<status status="PASS" start="2025-04-29T14:02:37.170916" elapsed="0.001340"/>
</kw>
<arg>${status_error_message}</arg>
<status status="PASS" start="2025-04-29T14:02:37.134863" elapsed="0.038336"/>
</kw>
<msg time="2025-04-29T14:02:37.181080" level="INFO">Set timeout to: 10000</msg>
<msg time="2025-04-29T14:02:37.202342" level="INFO">Switching context to context=5369f1e2-e1a8-4ce8-bfdf-6ef08d0792bf in CURRENT</msg>
<msg time="2025-04-29T14:02:37.213807" level="INFO">Successfully changed active context: context=5369f1e2-e1a8-4ce8-bfdf-6ef08d0792bf</msg>
<msg time="2025-04-29T14:02:37.275067" level="INFO">Successfully closed Context</msg>
<status status="PASS" start="2025-04-29T14:02:20.140419" elapsed="17.033374"/>
</test>
<test id="s1-s1-s1-s1-s1-t4" name="Non-registered Employee Name When Add New User" line="29">
<kw name="Open Website, Login as Admin, Open User Management Page (All Verified)" owner="tasks" type="SETUP">
<kw name="Open Login Page" owner="actions">
<kw name="Open Browser" owner="Browser">
<msg time="2025-04-29T14:02:37.294009" level="WARN">Open Browser is for quick experimentation and debugging only. Use New Page for production.</msg>
<msg time="2025-04-29T14:02:37.297447" level="INFO">Switching browser to browser=0d39740e-4a4b-461d-b958-3f873289fb83</msg>
<msg time="2025-04-29T14:02:37.302074" level="INFO">Successfully changed active browser: browser=0d39740e-4a4b-461d-b958-3f873289fb83</msg>
<msg time="2025-04-29T14:02:37.303058" level="INFO">Reusing existing browser with id: browser=0d39740e-4a4b-461d-b958-3f873289fb83</msg>
<msg time="2025-04-29T14:02:37.310748" level="INFO">{
  "acceptDownloads": true,
  "bypassCSP": true,
  "forcedColors": "none",
  "ignoreHTTPSErrors": false,
  "javaScriptEnabled": true,
  "offline": false,
  "reducedMotion": "no-preference",
  "serviceWorkers": "allow",
  "viewport": {
    "height": 720,
    "width": 1280
  }
}</msg>
<msg time="2025-04-29T14:02:37.348471" level="INFO">Successfully created context. </msg>
<msg time="2025-04-29T14:02:37.349649" level="INFO">{'acceptDownloads': True, 'bypassCSP': True, 'forcedColors': 'none', 'ignoreHTTPSErrors': False, 'javaScriptEnabled': True, 'offline': False, 'reducedMotion': 'no-preference', 'serviceWorkers': 'allow', 'viewport': {'height': 720, 'width': 1280}}</msg>
<msg time="2025-04-29T14:02:40.797640" level="INFO">Successfully initialized new page object and opened url: https://opensource-demo.orangehrmlive.com/web/index.php/auth/login</msg>
<arg>${loginpage_url}</arg>
<tag>BrowserControl</tag>
<tag>Setter</tag>
<doc>Opens a new browser instance. Use this keyword for quick experiments or debugging sessions.</doc>
<status status="PASS" start="2025-04-29T14:02:37.292618" elapsed="3.505565"/>
</kw>
<status status="PASS" start="2025-04-29T14:02:37.291330" elapsed="3.507121"/>
</kw>
<kw name="Enter Admin Credentials" owner="actions">
<kw name="Fill Text" owner="Browser">
<msg time="2025-04-29T14:02:40.802528" level="INFO">Fills the text 'Admin' in the given field.</msg>
<arg>${login_username_field}</arg>
<arg>${login_username}</arg>
<tag>PageContent</tag>
<tag>Setter</tag>
<doc>Clears and fills the given ``txt`` into the text field found by ``selector``.</doc>
<status status="PASS" start="2025-04-29T14:02:40.800507" elapsed="0.443976"/>
</kw>
<kw name="Fill Text" owner="Browser">
<msg time="2025-04-29T14:02:41.246528" level="INFO">Fills the text 'admin123' in the given field.</msg>
<arg>${login_password_field}</arg>
<arg>${login_password}</arg>
<tag>PageContent</tag>
<tag>Setter</tag>
<doc>Clears and fills the given ``txt`` into the text field found by ``selector``.</doc>
<status status="PASS" start="2025-04-29T14:02:41.244900" elapsed="0.089788"/>
</kw>
<status status="PASS" start="2025-04-29T14:02:40.798715" elapsed="0.536414"/>
</kw>
<kw name="Click Login Button" owner="actions">
<kw name="Click" owner="Browser">
<msg time="2025-04-29T14:02:41.338346" level="INFO">Clicks the element '//button[@type='submit']'.</msg>
<arg>${login_button}</arg>
<tag>PageContent</tag>
<tag>Setter</tag>
<doc>Simulates mouse click on the element found by ``selector``.</doc>
<status status="PASS" start="2025-04-29T14:02:41.336667" elapsed="1.404666"/>
</kw>
<status status="PASS" start="2025-04-29T14:02:41.335523" elapsed="1.406289"/>
</kw>
<kw name="Verify Admin Login is successful" owner="actions">
<kw name="Wait For Elements State" owner="Browser">
<msg time="2025-04-29T14:02:43.309666" level="INFO">Waited for Element with selector css=h6.oxd-topbar-header-breadcrumb-module at state visible</msg>
<arg>${dashboard_title}</arg>
<arg>visible</arg>
<arg>timeout=10s</arg>
<tag>PageContent</tag>
<tag>Wait</tag>
<doc>Waits for the element found by ``selector`` to satisfy state option.</doc>
<status status="PASS" start="2025-04-29T14:02:42.743538" elapsed="0.566844"/>
</kw>
<kw name="Get Text" owner="Browser">
<msg time="2025-04-29T14:02:43.352136" level="INFO">Text: 'Dashboard'</msg>
<msg time="2025-04-29T14:02:43.353086" level="INFO">${text} = Dashboard</msg>
<var>${text}</var>
<arg>${dashboard_title}</arg>
<tag>Assertion</tag>
<tag>Getter</tag>
<tag>PageContent</tag>
<doc>Returns text attribute of the element found by ``selector``.</doc>
<status status="PASS" start="2025-04-29T14:02:43.310790" elapsed="0.042806"/>
</kw>
<kw name="Should Be Equal" owner="BuiltIn">
<arg>${text}</arg>
<arg>Dashboard</arg>
<doc>Fails if the given objects are unequal.</doc>
<status status="PASS" start="2025-04-29T14:02:43.354212" elapsed="0.001701"/>
</kw>
<status status="PASS" start="2025-04-29T14:02:42.742313" elapsed="0.614072"/>
</kw>
<kw name="Open User Management Page" owner="actions">
<kw name="Click" owner="Browser">
<msg time="2025-04-29T14:02:43.360048" level="INFO">Clicks the element '//a[@class="oxd-main-menu-item"]//span[text()="Admin"]'.</msg>
<arg>${admin_tab}</arg>
<tag>PageContent</tag>
<tag>Setter</tag>
<doc>Simulates mouse click on the element found by ``selector``.</doc>
<status status="PASS" start="2025-04-29T14:02:43.358637" elapsed="1.121997"/>
</kw>
<kw name="Click" owner="Browser">
<msg time="2025-04-29T14:02:44.482519" level="INFO">Clicks the element '//span[normalize-space()='User Management']'.</msg>
<arg>${user_tab}</arg>
<tag>PageContent</tag>
<tag>Setter</tag>
<doc>Simulates mouse click on the element found by ``selector``.</doc>
<status status="PASS" start="2025-04-29T14:02:44.481012" elapsed="0.947732"/>
</kw>
<kw name="Click" owner="Browser">
<msg time="2025-04-29T14:02:45.429811" level="INFO">Clicks the element '//ul[@class='oxd-dropdown-menu']//li'.</msg>
<arg>${user_management_tab}</arg>
<tag>PageContent</tag>
<tag>Setter</tag>
<doc>Simulates mouse click on the element found by ``selector``.</doc>
<status status="PASS" start="2025-04-29T14:02:45.429010" elapsed="1.222450"/>
</kw>
<status status="PASS" start="2025-04-29T14:02:43.357248" elapsed="3.294464"/>
</kw>
<kw name="Verify User Management Page is Opened" owner="actions">
<kw name="Wait For Elements State" owner="Browser">
<msg time="2025-04-29T14:02:47.029706" level="INFO">Waited for Element with selector xpath=//h5[text()='System Users'] at state visible</msg>
<arg>${user_management_title}</arg>
<arg>visible</arg>
<arg>timeout=10s</arg>
<tag>PageContent</tag>
<tag>Wait</tag>
<doc>Waits for the element found by ``selector`` to satisfy state option.</doc>
<status status="PASS" start="2025-04-29T14:02:46.652984" elapsed="0.377115"/>
</kw>
<kw name="Get Text" owner="Browser">
<msg time="2025-04-29T14:02:47.058353" level="INFO">Text: 'System Users'</msg>
<msg time="2025-04-29T14:02:47.058654" level="INFO">${text} = System Users</msg>
<var>${text}</var>
<arg>${user_management_title}</arg>
<tag>Assertion</tag>
<tag>Getter</tag>
<tag>PageContent</tag>
<doc>Returns text attribute of the element found by ``selector``.</doc>
<status status="PASS" start="2025-04-29T14:02:47.030329" elapsed="0.028651"/>
</kw>
<kw name="Should Be Equal" owner="BuiltIn">
<arg>${text}</arg>
<arg>System Users</arg>
<doc>Fails if the given objects are unequal.</doc>
<status status="PASS" start="2025-04-29T14:02:47.059220" elapsed="0.000562"/>
</kw>
<status status="PASS" start="2025-04-29T14:02:46.651983" elapsed="0.407984"/>
</kw>
<status status="PASS" start="2025-04-29T14:02:37.287771" elapsed="9.772335"/>
</kw>
<kw name="Select Add button" owner="tasks">
<kw name="Select Add User Button" owner="actions">
<kw name="Click" owner="Browser">
<msg time="2025-04-29T14:02:47.062042" level="INFO">Clicks the element '//button[normalize-space()='Add']'.</msg>
<arg>${add_user_button}</arg>
<tag>PageContent</tag>
<tag>Setter</tag>
<doc>Simulates mouse click on the element found by ``selector``.</doc>
<status status="PASS" start="2025-04-29T14:02:47.061416" elapsed="0.648409"/>
</kw>
<kw name="Sleep" owner="BuiltIn">
<msg time="2025-04-29T14:02:49.711187" level="INFO">Slept 2 seconds.</msg>
<arg>2s</arg>
<doc>Pauses the test executed for the given time.</doc>
<status status="PASS" start="2025-04-29T14:02:47.710185" elapsed="2.001318"/>
</kw>
<status status="PASS" start="2025-04-29T14:02:47.061043" elapsed="2.650612"/>
</kw>
<kw name="Verify is add user page" owner="actions">
<kw name="Wait For Elements State" owner="Browser">
<msg time="2025-04-29T14:02:49.729631" level="INFO">Waited for Element with selector //h6[text()='Add User'] at state visible</msg>
<arg>${add_user_header}</arg>
<arg>visible</arg>
<arg>timeout=10s</arg>
<tag>PageContent</tag>
<tag>Wait</tag>
<doc>Waits for the element found by ``selector`` to satisfy state option.</doc>
<status status="PASS" start="2025-04-29T14:02:49.713074" elapsed="0.017219"/>
</kw>
<kw name="Get Text" owner="Browser">
<msg time="2025-04-29T14:02:49.758314" level="INFO">Text: 'Add User'</msg>
<msg time="2025-04-29T14:02:49.758616" level="INFO">${text} = Add User</msg>
<var>${text}</var>
<arg>${add_user_header}</arg>
<tag>Assertion</tag>
<tag>Getter</tag>
<tag>PageContent</tag>
<doc>Returns text attribute of the element found by ``selector``.</doc>
<status status="PASS" start="2025-04-29T14:02:49.730669" elapsed="0.028079"/>
</kw>
<kw name="Should Be Equal" owner="BuiltIn">
<arg>${text}</arg>
<arg>Add User</arg>
<doc>Fails if the given objects are unequal.</doc>
<status status="PASS" start="2025-04-29T14:02:49.758948" elapsed="0.000955"/>
</kw>
<status status="PASS" start="2025-04-29T14:02:49.711817" elapsed="0.048218"/>
</kw>
<status status="PASS" start="2025-04-29T14:02:47.060524" elapsed="2.699593"/>
</kw>
<kw name="Fill in all Details" owner="tasks">
<kw name="Select from Selection Dropdown" owner="actions">
<kw name="Click" owner="Browser">
<msg time="2025-04-29T14:02:49.762566" level="INFO">Clicks the element 'css=label:has-text("User Role") &gt;&gt; xpath=../following-sibling::div//div[contains(@class,"oxd-select-text-input")]'.</msg>
<arg>${field}</arg>
<tag>PageContent</tag>
<tag>Setter</tag>
<doc>Simulates mouse click on the element found by ``selector``.</doc>
<status status="PASS" start="2025-04-29T14:02:49.761724" elapsed="0.028099"/>
</kw>
<kw name="Click" owner="Browser">
<msg time="2025-04-29T14:02:49.791026" level="INFO">Clicks the element 'css=.oxd-select-dropdown &gt; div:has-text("ESS")'.</msg>
<arg>${content}</arg>
<tag>PageContent</tag>
<tag>Setter</tag>
<doc>Simulates mouse click on the element found by ``selector``.</doc>
<status status="PASS" start="2025-04-29T14:02:49.790141" elapsed="0.048697"/>
</kw>
<arg>${user_role_field}</arg>
<arg>${input_user_role}</arg>
<status status="PASS" start="2025-04-29T14:02:49.761324" elapsed="0.077685"/>
</kw>
<kw name="Select from Selection Dropdown" owner="actions">
<kw name="Click" owner="Browser">
<msg time="2025-04-29T14:02:49.840318" level="INFO">Clicks the element 'css=label:has-text("Status") &gt;&gt; xpath=../following-sibling::div//div[contains(@class,"oxd-select-text-input")]'.</msg>
<arg>${field}</arg>
<tag>PageContent</tag>
<tag>Setter</tag>
<doc>Simulates mouse click on the element found by ``selector``.</doc>
<status status="PASS" start="2025-04-29T14:02:49.839736" elapsed="0.048479"/>
</kw>
<kw name="Click" owner="Browser">
<msg time="2025-04-29T14:02:49.889079" level="INFO">Clicks the element 'css=.oxd-select-dropdown &gt; div:has-text("Enabled")'.</msg>
<arg>${content}</arg>
<tag>PageContent</tag>
<tag>Setter</tag>
<doc>Simulates mouse click on the element found by ``selector``.</doc>
<status status="PASS" start="2025-04-29T14:02:49.888433" elapsed="0.051463"/>
</kw>
<arg>${employee_status_field}</arg>
<arg>${input_employee_status}</arg>
<status status="PASS" start="2025-04-29T14:02:49.839180" elapsed="0.100900"/>
</kw>
<kw name="Select from Employee DropDown" owner="actions">
<kw name="Type Text" owner="Browser">
<msg time="2025-04-29T14:02:49.942065" level="INFO">Types the text '!@#$$%' in the given field.</msg>
<arg>${field}</arg>
<arg>${content}</arg>
<tag>PageContent</tag>
<tag>Setter</tag>
<doc>Types the given ``txt`` into the text field found by ``selector``.</doc>
<status status="PASS" start="2025-04-29T14:02:49.941201" elapsed="0.041111"/>
</kw>
<kw name="Sleep" owner="BuiltIn">
<msg time="2025-04-29T14:02:51.983519" level="INFO">Slept 2 seconds.</msg>
<arg>2s</arg>
<doc>Pauses the test executed for the given time.</doc>
<status status="PASS" start="2025-04-29T14:02:49.982613" elapsed="2.001502"/>
</kw>
<kw name="Get Element Count" owner="Browser">
<msg time="2025-04-29T14:02:51.994245" level="INFO">${count} = 0</msg>
<var>${count}</var>
<arg>text=${content}</arg>
<tag>Assertion</tag>
<tag>Getter</tag>
<tag>PageContent</tag>
<doc>Returns the count of elements found with ``selector``.</doc>
<status status="PASS" start="2025-04-29T14:02:51.984564" elapsed="0.009916"/>
</kw>
<if>
<branch type="IF" condition="${count} &gt; 0">
<kw name="Click" owner="Browser">
<arg>text=${content}</arg>
<tag>PageContent</tag>
<tag>Setter</tag>
<doc>Simulates mouse click on the element found by ``selector``.</doc>
<status status="NOT RUN" start="2025-04-29T14:02:51.995510" elapsed="0.000323"/>
</kw>
<status status="NOT RUN" start="2025-04-29T14:02:51.994746" elapsed="0.001206"/>
</branch>
<branch type="ELSE">
<kw name="Click" owner="Browser">
<msg time="2025-04-29T14:02:51.997055" level="INFO">Clicks the element 'div[role="listbox"] div[role="option"]:has-text("No Records Found")'.</msg>
<arg>${invalid_ename}</arg>
<tag>PageContent</tag>
<tag>Setter</tag>
<doc>Simulates mouse click on the element found by ``selector``.</doc>
<status status="PASS" start="2025-04-29T14:02:51.996320" elapsed="0.023084"/>
</kw>
<status status="PASS" start="2025-04-29T14:02:51.996022" elapsed="0.023538"/>
</branch>
<status status="PASS" start="2025-04-29T14:02:51.994710" elapsed="0.024900"/>
</if>
<arg>${employee_name_field}</arg>
<arg>${input_employee_name}</arg>
<status status="PASS" start="2025-04-29T14:02:49.940319" elapsed="2.079346"/>
</kw>
<kw name="Fill in Text Field" owner="actions">
<kw name="Type Text" owner="Browser">
<msg time="2025-04-29T14:02:52.020930" level="INFO">Types the text 'aranga14' in the given field.</msg>
<arg>${field}</arg>
<arg>${content}</arg>
<tag>PageContent</tag>
<tag>Setter</tag>
<doc>Types the given ``txt`` into the text field found by ``selector``.</doc>
<status status="PASS" start="2025-04-29T14:02:52.020411" elapsed="0.034075"/>
</kw>
<arg>${employee_username_field}</arg>
<arg>${input_employee_username}</arg>
<status status="PASS" start="2025-04-29T14:02:52.019833" elapsed="0.034834"/>
</kw>
<kw name="Fill in Text Field" owner="actions">
<kw name="Type Text" owner="Browser">
<msg time="2025-04-29T14:02:52.057790" level="INFO">Types the text '1122Qwerty!!' in the given field.</msg>
<arg>${field}</arg>
<arg>${content}</arg>
<tag>PageContent</tag>
<tag>Setter</tag>
<doc>Types the given ``txt`` into the text field found by ``selector``.</doc>
<status status="PASS" start="2025-04-29T14:02:52.056403" elapsed="0.042668"/>
</kw>
<arg>${employee_password_field}</arg>
<arg>${input_employee_password}</arg>
<status status="PASS" start="2025-04-29T14:02:52.054837" elapsed="0.044494"/>
</kw>
<kw name="Fill in Text Field" owner="actions">
<kw name="Type Text" owner="Browser">
<msg time="2025-04-29T14:02:52.100643" level="INFO">Types the text '1122Qwerty!!' in the given field.</msg>
<arg>${field}</arg>
<arg>${content}</arg>
<tag>PageContent</tag>
<tag>Setter</tag>
<doc>Types the given ``txt`` into the text field found by ``selector``.</doc>
<status status="PASS" start="2025-04-29T14:02:52.100103" elapsed="0.034957"/>
</kw>
<arg>${employee_confirm_password_field}</arg>
<arg>${input_employee_confirm_password}</arg>
<status status="PASS" start="2025-04-29T14:02:52.099509" elapsed="0.035742"/>
</kw>
<arg>${ess_role}</arg>
<arg>${enabled_employee_status}</arg>
<arg>${invalid_employee_name}</arg>
<arg>aranga14</arg>
<arg>${employee_password}</arg>
<arg>${employee_confirm_password}</arg>
<status status="PASS" start="2025-04-29T14:02:49.760612" elapsed="2.374741"/>
</kw>
<kw name="Select Save Button" owner="tasks">
<kw name="Click Save Button" owner="actions">
<kw name="Click" owner="Browser">
<msg time="2025-04-29T14:02:52.137276" level="INFO">Clicks the element '//button[@type='submit']'.</msg>
<arg>${save_user_button}</arg>
<tag>PageContent</tag>
<tag>Setter</tag>
<doc>Simulates mouse click on the element found by ``selector``.</doc>
<status status="PASS" start="2025-04-29T14:02:52.136751" elapsed="0.032823"/>
</kw>
<kw name="Sleep" owner="BuiltIn">
<msg time="2025-04-29T14:02:54.170866" level="INFO">Slept 2 seconds.</msg>
<arg>2s</arg>
<doc>Pauses the test executed for the given time.</doc>
<status status="PASS" start="2025-04-29T14:02:52.169802" elapsed="2.001378"/>
</kw>
<status status="PASS" start="2025-04-29T14:02:52.136340" elapsed="2.034996"/>
</kw>
<status status="PASS" start="2025-04-29T14:02:52.135765" elapsed="2.035665"/>
</kw>
<kw name="Verify Error Message" owner="tasks">
<kw name="Wait For Elements State" owner="Browser">
<msg time="2025-04-29T14:02:54.179041" level="INFO">Waited for Element with selector css=.oxd-input-field-error-message at state visible</msg>
<arg>${error_message_field}</arg>
<arg>visible</arg>
<arg>timeout=10s</arg>
<tag>PageContent</tag>
<tag>Wait</tag>
<doc>Waits for the element found by ``selector`` to satisfy state option.</doc>
<status status="PASS" start="2025-04-29T14:02:54.172493" elapsed="0.006977"/>
</kw>
<kw name="Get Text" owner="Browser">
<msg time="2025-04-29T14:02:54.189893" level="INFO">Text: 'Invalid'</msg>
<msg time="2025-04-29T14:02:54.190247" level="INFO">${text} = Invalid</msg>
<var>${text}</var>
<arg>${error_message_field}</arg>
<tag>Assertion</tag>
<tag>Getter</tag>
<tag>PageContent</tag>
<doc>Returns text attribute of the element found by ``selector``.</doc>
<status status="PASS" start="2025-04-29T14:02:54.179667" elapsed="0.010699"/>
</kw>
<kw name="Should Be Equal" owner="BuiltIn">
<arg>${text}</arg>
<arg>${error_message}</arg>
<doc>Fails if the given objects are unequal.</doc>
<status status="PASS" start="2025-04-29T14:02:54.190565" elapsed="0.000651"/>
</kw>
<arg>${name_error_message}</arg>
<status status="PASS" start="2025-04-29T14:02:54.171801" elapsed="0.019559"/>
</kw>
<msg time="2025-04-29T14:02:54.195157" level="INFO">Set timeout to: 10000</msg>
<msg time="2025-04-29T14:02:54.203489" level="INFO">Switching context to context=5326866b-dfab-46ac-bb63-27430d2de388 in CURRENT</msg>
<msg time="2025-04-29T14:02:54.211148" level="INFO">Successfully changed active context: context=5326866b-dfab-46ac-bb63-27430d2de388</msg>
<msg time="2025-04-29T14:02:54.249886" level="INFO">Successfully closed Context</msg>
<status status="PASS" start="2025-04-29T14:02:37.280804" elapsed="16.910952"/>
</test>
<test id="s1-s1-s1-s1-s1-t5" name="Short Username When Add New User" line="36">
<kw name="Open Website, Login as Admin, Open User Management Page (All Verified)" owner="tasks" type="SETUP">
<kw name="Open Login Page" owner="actions">
<kw name="Open Browser" owner="Browser">
<msg time="2025-04-29T14:02:54.264568" level="WARN">Open Browser is for quick experimentation and debugging only. Use New Page for production.</msg>
<msg time="2025-04-29T14:02:54.266899" level="INFO">Switching browser to browser=0d39740e-4a4b-461d-b958-3f873289fb83</msg>
<msg time="2025-04-29T14:02:54.271674" level="INFO">Successfully changed active browser: browser=0d39740e-4a4b-461d-b958-3f873289fb83</msg>
<msg time="2025-04-29T14:02:54.272185" level="INFO">Reusing existing browser with id: browser=0d39740e-4a4b-461d-b958-3f873289fb83</msg>
<msg time="2025-04-29T14:02:54.276209" level="INFO">{
  "acceptDownloads": true,
  "bypassCSP": true,
  "forcedColors": "none",
  "ignoreHTTPSErrors": false,
  "javaScriptEnabled": true,
  "offline": false,
  "reducedMotion": "no-preference",
  "serviceWorkers": "allow",
  "viewport": {
    "height": 720,
    "width": 1280
  }
}</msg>
<msg time="2025-04-29T14:02:54.294089" level="INFO">Successfully created context. </msg>
<msg time="2025-04-29T14:02:54.294666" level="INFO">{'acceptDownloads': True, 'bypassCSP': True, 'forcedColors': 'none', 'ignoreHTTPSErrors': False, 'javaScriptEnabled': True, 'offline': False, 'reducedMotion': 'no-preference', 'serviceWorkers': 'allow', 'viewport': {'height': 720, 'width': 1280}}</msg>
<msg time="2025-04-29T14:02:59.754591" level="INFO">Successfully initialized new page object and opened url: https://opensource-demo.orangehrmlive.com/web/index.php/auth/login</msg>
<arg>${loginpage_url}</arg>
<tag>BrowserControl</tag>
<tag>Setter</tag>
<doc>Opens a new browser instance. Use this keyword for quick experiments or debugging sessions.</doc>
<status status="PASS" start="2025-04-29T14:02:54.263729" elapsed="5.491755"/>
</kw>
[...]
</kw>
<status status="PASS" start="2025-04-29T14:04:26.707881" elapsed="3.435121"/>
</kw>
<kw name="Enter Admin Credentials" owner="actions">
<kw name="Fill Text" owner="Browser">
<msg time="2025-04-29T14:04:30.145398" level="INFO">Fills the text 'Admin' in the given field.</msg>
<arg>${login_username_field}</arg>
<arg>${login_username}</arg>
<tag>PageContent</tag>
<tag>Setter</tag>
<doc>Clears and fills the given ``txt`` into the text field found by ``selector``.</doc>
<status status="PASS" start="2025-04-29T14:04:30.144238" elapsed="0.399667"/>
</kw>
<kw name="Fill Text" owner="Browser">
<msg time="2025-04-29T14:04:30.544737" level="INFO">Fills the text 'admin123' in the given field.</msg>
<arg>${login_password_field}</arg>
<arg>${login_password}</arg>
<tag>PageContent</tag>
<tag>Setter</tag>
<doc>Clears and fills the given ``txt`` into the text field found by ``selector``.</doc>
<status status="PASS" start="2025-04-29T14:04:30.544117" elapsed="0.015162"/>
</kw>
<status status="PASS" start="2025-04-29T14:04:30.143222" elapsed="0.416258"/>
</kw>
<kw name="Click Login Button" owner="actions">
<kw name="Click" owner="Browser">
<msg time="2025-04-29T14:04:30.560612" level="INFO">Clicks the element '//button[@type='submit']'.</msg>
<arg>${login_button}</arg>
<tag>PageContent</tag>
<tag>Setter</tag>
<doc>Simulates mouse click on the element found by ``selector``.</doc>
<status status="PASS" start="2025-04-29T14:04:30.560095" elapsed="1.544520"/>
</kw>
<status status="PASS" start="2025-04-29T14:04:30.559632" elapsed="1.545248"/>
</kw>
<kw name="Verify Admin Login is successful" owner="actions">
<kw name="Wait For Elements State" owner="Browser">
<msg time="2025-04-29T14:04:32.973890" level="INFO">Waited for Element with selector css=h6.oxd-topbar-header-breadcrumb-module at state visible</msg>
<arg>${dashboard_title}</arg>
<arg>visible</arg>
<arg>timeout=10s</arg>
<tag>PageContent</tag>
<tag>Wait</tag>
<doc>Waits for the element found by ``selector`` to satisfy state option.</doc>
<status status="PASS" start="2025-04-29T14:04:32.105836" elapsed="0.868494"/>
</kw>
<kw name="Get Text" owner="Browser">
<msg time="2025-04-29T14:04:33.000854" level="INFO">Text: 'Dashboard'</msg>
<msg time="2025-04-29T14:04:33.001163" level="INFO">${text} = Dashboard</msg>
<var>${text}</var>
<arg>${dashboard_title}</arg>
<tag>Assertion</tag>
<tag>Getter</tag>
<tag>PageContent</tag>
<doc>Returns text attribute of the element found by ``selector``.</doc>
<status status="PASS" start="2025-04-29T14:04:32.974554" elapsed="0.026716"/>
</kw>
<kw name="Should Be Equal" owner="BuiltIn">
<arg>${text}</arg>
<arg>Dashboard</arg>
<doc>Fails if the given objects are unequal.</doc>
<status status="PASS" start="2025-04-29T14:04:33.001461" elapsed="0.000695"/>
</kw>
<status status="PASS" start="2025-04-29T14:04:32.105122" elapsed="0.897156"/>
</kw>
<kw name="Open User Management Page" owner="actions">
<kw name="Click" owner="Browser">
<msg time="2025-04-29T14:04:33.003301" level="INFO">Clicks the element '//a[@class="oxd-main-menu-item"]//span[text()="Admin"]'.</msg>
<arg>${admin_tab}</arg>
<tag>PageContent</tag>
<tag>Setter</tag>
<doc>Simulates mouse click on the element found by ``selector``.</doc>
<status status="PASS" start="2025-04-29T14:04:33.002810" elapsed="1.019053"/>
</kw>
<kw name="Click" owner="Browser">
<msg time="2025-04-29T14:04:34.023115" level="INFO">Clicks the element '//span[normalize-space()='User Management']'.</msg>
<arg>${user_tab}</arg>
<tag>PageContent</tag>
<tag>Setter</tag>
<doc>Simulates mouse click on the element found by ``selector``.</doc>
<status status="PASS" start="2025-04-29T14:04:34.022112" elapsed="0.432383"/>
</kw>
<kw name="Click" owner="Browser">
<msg time="2025-04-29T14:04:34.455311" level="INFO">Clicks the element '//ul[@class='oxd-dropdown-menu']//li'.</msg>
<arg>${user_management_tab}</arg>
<tag>PageContent</tag>
<tag>Setter</tag>
<doc>Simulates mouse click on the element found by ``selector``.</doc>
<status status="PASS" start="2025-04-29T14:04:34.454698" elapsed="1.259603"/>
</kw>
<status status="PASS" start="2025-04-29T14:04:33.002430" elapsed="2.712143"/>
</kw>
<kw name="Verify User Management Page is Opened" owner="actions">
<kw name="Wait For Elements State" owner="Browser">
<msg time="2025-04-29T14:04:36.558562" level="INFO">Waited for Element with selector xpath=//h5[text()='System Users'] at state visible</msg>
<arg>${user_management_title}</arg>
<arg>visible</arg>
<arg>timeout=10s</arg>
<tag>PageContent</tag>
<tag>Wait</tag>
<doc>Waits for the element found by ``selector`` to satisfy state option.</doc>
<status status="PASS" start="2025-04-29T14:04:35.715223" elapsed="0.844557"/>
</kw>
<kw name="Get Text" owner="Browser">
<msg time="2025-04-29T14:04:36.585033" level="INFO">Text: 'System Users'</msg>
<msg time="2025-04-29T14:04:36.585326" level="INFO">${text} = System Users</msg>
<var>${text}</var>
<arg>${user_management_title}</arg>
<tag>Assertion</tag>
<tag>Getter</tag>
<tag>PageContent</tag>
<doc>Returns text attribute of the element found by ``selector``.</doc>
<status status="PASS" start="2025-04-29T14:04:36.560272" elapsed="0.025157"/>
</kw>
<kw name="Should Be Equal" owner="BuiltIn">
<arg>${text}</arg>
<arg>System Users</arg>
<doc>Fails if the given objects are unequal.</doc>
<status status="PASS" start="2025-04-29T14:04:36.585618" elapsed="0.000492"/>
</kw>
<status status="PASS" start="2025-04-29T14:04:35.714749" elapsed="0.871468"/>
</kw>
<status status="PASS" start="2025-04-29T14:04:26.706643" elapsed="9.879647"/>
</kw>
<kw name="Select Add button" owner="tasks">
<kw name="Select Add User Button" owner="actions">
<kw name="Click" owner="Browser">
<msg time="2025-04-29T14:04:36.588301" level="INFO">Clicks the element '//button[normalize-space()='Add']'.</msg>
<arg>${add_user_button}</arg>
<tag>PageContent</tag>
<tag>Setter</tag>
<doc>Simulates mouse click on the element found by ``selector``.</doc>
<status status="PASS" start="2025-04-29T14:04:36.587792" elapsed="0.413453"/>
</kw>
<kw name="Sleep" owner="BuiltIn">
<msg time="2025-04-29T14:04:39.002704" level="INFO">Slept 2 seconds.</msg>
<arg>2s</arg>
<doc>Pauses the test executed for the given time.</doc>
<status status="PASS" start="2025-04-29T14:04:37.001530" elapsed="2.001838"/>
</kw>
<status status="PASS" start="2025-04-29T14:04:36.587260" elapsed="2.416488"/>
</kw>
<kw name="Verify is add user page" owner="actions">
<kw name="Wait For Elements State" owner="Browser">
<msg time="2025-04-29T14:04:39.022863" level="INFO">Waited for Element with selector //h6[text()='Add User'] at state visible</msg>
<arg>${add_user_header}</arg>
<arg>visible</arg>
<arg>timeout=10s</arg>
<tag>PageContent</tag>
<tag>Wait</tag>
<doc>Waits for the element found by ``selector`` to satisfy state option.</doc>
<status status="PASS" start="2025-04-29T14:04:39.006096" elapsed="0.017079"/>
</kw>
<kw name="Get Text" owner="Browser">
<msg time="2025-04-29T14:04:39.041480" level="INFO">Text: 'Add User'</msg>
<msg time="2025-04-29T14:04:39.041869" level="INFO">${text} = Add User</msg>
<var>${text}</var>
<arg>${add_user_header}</arg>
<tag>Assertion</tag>
<tag>Getter</tag>
<tag>PageContent</tag>
<doc>Returns text attribute of the element found by ``selector``.</doc>
<status status="PASS" start="2025-04-29T14:04:39.023398" elapsed="0.018650"/>
</kw>
<kw name="Should Be Equal" owner="BuiltIn">
<arg>${text}</arg>
<arg>Add User</arg>
<doc>Fails if the given objects are unequal.</doc>
<status status="PASS" start="2025-04-29T14:04:39.042253" elapsed="0.000456"/>
</kw>
<status status="PASS" start="2025-04-29T14:04:39.004205" elapsed="0.038633"/>
</kw>
<status status="PASS" start="2025-04-29T14:04:36.586733" elapsed="2.456199"/>
</kw>
<kw name="Fill in all Details" owner="tasks">
<kw name="Select from Selection Dropdown" owner="actions">
<kw name="Click" owner="Browser">
<msg time="2025-04-29T14:04:39.044667" level="INFO">Clicks the element 'css=label:has-text("User Role") &gt;&gt; xpath=../following-sibling::div//div[contains(@class,"oxd-select-text-input")]'.</msg>
<arg>${field}</arg>
<tag>PageContent</tag>
<tag>Setter</tag>
<doc>Simulates mouse click on the element found by ``selector``.</doc>
<status status="PASS" start="2025-04-29T14:04:39.044214" elapsed="0.038126"/>
</kw>
<kw name="Click" owner="Browser">
<msg time="2025-04-29T14:04:39.083235" level="INFO">Clicks the element 'css=.oxd-select-dropdown &gt; div:has-text("ESS")'.</msg>
<arg>${content}</arg>
<tag>PageContent</tag>
<tag>Setter</tag>
<doc>Simulates mouse click on the element found by ``selector``.</doc>
<status status="PASS" start="2025-04-29T14:04:39.082561" elapsed="0.049224"/>
</kw>
<arg>${user_role_field}</arg>
<arg>${input_user_role}</arg>
<status status="PASS" start="2025-04-29T14:04:39.043827" elapsed="0.088123"/>
</kw>
<kw name="Select from Selection Dropdown" owner="actions">
<kw name="Click" owner="Browser">
<msg time="2025-04-29T14:04:39.133153" level="INFO">Clicks the element 'css=label:has-text("Status") &gt;&gt; xpath=../following-sibling::div//div[contains(@class,"oxd-select-text-input")]'.</msg>
<arg>${field}</arg>
<tag>PageContent</tag>
<tag>Setter</tag>
<doc>Simulates mouse click on the element found by ``selector``.</doc>
<status status="PASS" start="2025-04-29T14:04:39.132669" elapsed="0.032952"/>
</kw>
<kw name="Click" owner="Browser">
<msg time="2025-04-29T14:04:39.166484" level="INFO">Clicks the element 'css=.oxd-select-dropdown &gt; div:has-text("Enabled")'.</msg>
<arg>${content}</arg>
<tag>PageContent</tag>
<tag>Setter</tag>
<doc>Simulates mouse click on the element found by ``selector``.</doc>
<status status="PASS" start="2025-04-29T14:04:39.165834" elapsed="0.032989"/>
</kw>
<arg>${employee_status_field}</arg>
<arg>${input_employee_status}</arg>
<status status="PASS" start="2025-04-29T14:04:39.132118" elapsed="0.066879"/>
</kw>
<kw name="Select from Employee DropDown" owner="actions">
<kw name="Type Text" owner="Browser">
<msg time="2025-04-29T14:04:39.200285" level="INFO">Types the text 'Ranga  Akunuri' in the given field.</msg>
<arg>${field}</arg>
<arg>${content}</arg>
<tag>PageContent</tag>
<tag>Setter</tag>
<doc>Types the given ``txt`` into the text field found by ``selector``.</doc>
<status status="PASS" start="2025-04-29T14:04:39.199786" elapsed="0.037351"/>
</kw>
<kw name="Sleep" owner="BuiltIn">
<msg time="2025-04-29T14:04:41.238840" level="INFO">Slept 2 seconds.</msg>
<arg>2s</arg>
<doc>Pauses the test executed for the given time.</doc>
<status status="PASS" start="2025-04-29T14:04:39.237363" elapsed="2.002108"/>
</kw>
<kw name="Get Element Count" owner="Browser">
<msg time="2025-04-29T14:04:41.249358" level="INFO">${count} = 1</msg>
<var>${count}</var>
<arg>text=${content}</arg>
<tag>Assertion</tag>
<tag>Getter</tag>
<tag>PageContent</tag>
<doc>Returns the count of elements found with ``selector``.</doc>
<status status="PASS" start="2025-04-29T14:04:41.239953" elapsed="0.009746"/>
</kw>
<if>
<branch type="IF" condition="${count} &gt; 0">
<kw name="Click" owner="Browser">
<msg time="2025-04-29T14:04:41.251878" level="INFO">Clicks the element 'text=Ranga  Akunuri'.</msg>
<arg>text=${content}</arg>
<tag>PageContent</tag>
<tag>Setter</tag>
<doc>Simulates mouse click on the element found by ``selector``.</doc>
<status status="PASS" start="2025-04-29T14:04:41.251033" elapsed="0.029561"/>
</kw>
<status status="PASS" start="2025-04-29T14:04:41.250040" elapsed="0.030697"/>
</branch>
<branch type="ELSE">
<kw name="Click" owner="Browser">
<arg>${invalid_ename}</arg>
<tag>PageContent</tag>
<tag>Setter</tag>
<doc>Simulates mouse click on the element found by ``selector``.</doc>
<status status="NOT RUN" start="2025-04-29T14:04:41.281193" elapsed="0.000184"/>
</kw>
<status status="NOT RUN" start="2025-04-29T14:04:41.280791" elapsed="0.000668"/>
</branch>
<status status="PASS" start="2025-04-29T14:04:41.249997" elapsed="0.031502"/>
</if>
<arg>${employee_name_field}</arg>
<arg>${input_employee_name}</arg>
<status status="PASS" start="2025-04-29T14:04:39.199216" elapsed="2.082337"/>
</kw>
<kw name="Fill in Text Field" owner="actions">
<kw name="Type Text" owner="Browser">
<msg time="2025-04-29T14:04:41.282654" level="INFO">Types the text 'aranga15' in the given field.</msg>
<arg>${field}</arg>
<arg>${content}</arg>
<tag>PageContent</tag>
<tag>Setter</tag>
<doc>Types the given ``txt`` into the text field found by ``selector``.</doc>
<status status="PASS" start="2025-04-29T14:04:41.282160" elapsed="0.027810"/>
</kw>
<arg>${employee_username_field}</arg>
<arg>${input_employee_username}</arg>
<status status="PASS" start="2025-04-29T14:04:41.281700" elapsed="0.028456"/>
</kw>
<kw name="Fill in Text Field" owner="actions">
<kw name="Type Text" owner="Browser">
<msg time="2025-04-29T14:04:41.311603" level="INFO">Types the text '1122Qwerty!!' in the given field.</msg>
<arg>${field}</arg>
<arg>${content}</arg>
<tag>PageContent</tag>
<tag>Setter</tag>
<doc>Types the given ``txt`` into the text field found by ``selector``.</doc>
<status status="PASS" start="2025-04-29T14:04:41.311059" elapsed="0.030581"/>
</kw>
<arg>${employee_password_field}</arg>
<arg>${input_employee_password}</arg>
<status status="PASS" start="2025-04-29T14:04:41.310335" elapsed="0.031488"/>
</kw>
<kw name="Fill in Text Field" owner="actions">
<kw name="Type Text" owner="Browser">
<msg time="2025-04-29T14:04:41.343144" level="INFO">Types the text '3344Qwerty!!' in the given field.</msg>
<arg>${field}</arg>
<arg>${content}</arg>
<tag>PageContent</tag>
<tag>Setter</tag>
<doc>Types the given ``txt`` into the text field found by ``selector``.</doc>
<status status="PASS" start="2025-04-29T14:04:41.342577" elapsed="0.031634"/>
</kw>
<arg>${employee_confirm_password_field}</arg>
<arg>${input_employee_confirm_password}</arg>
<status status="PASS" start="2025-04-29T14:04:41.341996" elapsed="0.032422"/>
</kw>
<arg>${ess_role}</arg>
<arg>${enabled_employee_status}</arg>
<arg>${employee_name}</arg>
<arg>aranga15</arg>
<arg>${employee_password}</arg>
<arg>${mismatch_confirm_password}</arg>
<status status="PASS" start="2025-04-29T14:04:39.043234" elapsed="2.331280"/>
</kw>
<kw name="Select Save Button" owner="tasks">
<kw name="Click Save Button" owner="actions">
<kw name="Click" owner="Browser">
<msg time="2025-04-29T14:04:41.376225" level="INFO">Clicks the element '//button[@type='submit']'.</msg>
<arg>${save_user_button}</arg>
<tag>PageContent</tag>
<tag>Setter</tag>
<doc>Simulates mouse click on the element found by ``selector``.</doc>
<status status="PASS" start="2025-04-29T14:04:41.375726" elapsed="0.039266"/>
</kw>
<kw name="Sleep" owner="BuiltIn">
<msg time="2025-04-29T14:04:43.416168" level="INFO">Slept 2 seconds.</msg>
<arg>2s</arg>
<doc>Pauses the test executed for the given time.</doc>
<status status="PASS" start="2025-04-29T14:04:41.415233" elapsed="2.001446"/>
</kw>
<status status="PASS" start="2025-04-29T14:04:41.375369" elapsed="2.041602"/>
</kw>
<status status="PASS" start="2025-04-29T14:04:41.374832" elapsed="2.042355"/>
</kw>
<kw name="Verify Error Message" owner="tasks">
<kw name="Wait For Elements State" owner="Browser">
<msg time="2025-04-29T14:04:43.427836" level="INFO">Waited for Element with selector css=.oxd-input-field-error-message at state visible</msg>
<arg>${error_message_field}</arg>
<arg>visible</arg>
<arg>timeout=10s</arg>
<tag>PageContent</tag>
<tag>Wait</tag>
<doc>Waits for the element found by ``selector`` to satisfy state option.</doc>
<status status="PASS" start="2025-04-29T14:04:43.419290" elapsed="0.008901"/>
</kw>
<kw name="Get Text" owner="Browser">
<msg time="2025-04-29T14:04:43.443507" level="INFO">Text: 'Passwords do not match'</msg>
<msg time="2025-04-29T14:04:43.443808" level="INFO">${text} = Passwords do not match</msg>
<var>${text}</var>
<arg>${error_message_field}</arg>
<tag>Assertion</tag>
<tag>Getter</tag>
<tag>PageContent</tag>
<doc>Returns text attribute of the element found by ``selector``.</doc>
<status status="PASS" start="2025-04-29T14:04:43.428441" elapsed="0.015463"/>
</kw>
<kw name="Should Be Equal" owner="BuiltIn">
<arg>${text}</arg>
<arg>${error_message}</arg>
<doc>Fails if the given objects are unequal.</doc>
<status status="PASS" start="2025-04-29T14:04:43.444090" elapsed="0.000707"/>
</kw>
<arg>${password_mismatch_error_message}</arg>
<status status="PASS" start="2025-04-29T14:04:43.418221" elapsed="0.026699"/>
</kw>
<msg time="2025-04-29T14:04:43.447653" level="INFO">Set timeout to: 10000</msg>
<msg time="2025-04-29T14:04:43.457651" level="INFO">Switching context to context=4ea54df7-6971-4d3a-8dec-8e40212a7e06 in CURRENT</msg>
<msg time="2025-04-29T14:04:43.464607" level="INFO">Successfully changed active context: context=4ea54df7-6971-4d3a-8dec-8e40212a7e06</msg>
<msg time="2025-04-29T14:04:43.494888" level="INFO">Successfully closed Context</msg>
<status status="PASS" start="2025-04-29T14:04:26.701450" elapsed="16.743818"/>
</test>
<status status="PASS" start="2025-04-29T14:01:38.618510" elapsed="184.881283"/>
</suite>
<status status="PASS" start="2025-04-29T14:01:38.615207" elapsed="184.894629"/>
</suite>
<status status="PASS" start="2025-04-29T14:01:38.611513" elapsed="184.899902"/>
</suite>
<status status="PASS" start="2025-04-29T14:01:38.608004" elapsed="184.906599"/>
</suite>
<status status="PASS" start="2025-04-29T14:01:38.585844" elapsed="184.931192"/>
</suite>
<statistics>
<total>
<stat pass="10" fail="0" skip="0">All Tests</stat>
</total>
<tag>
</tag>
<suite>
<stat name="Updated Orange Project" id="s1" pass="10" fail="0" skip="0">Updated Orange Project</stat>
<stat name="Tests" id="s1-s1" pass="10" fail="0" skip="0">Updated Orange Project.Tests</stat>
<stat name="GUIs" id="s1-s1-s1" pass="10" fail="0" skip="0">Updated Orange Project.Tests.GUIs</stat>
<stat name="User Management Page" id="s1-s1-s1-s1" pass="10" fail="0" skip="0">Updated Orange Project.Tests.GUIs.User Management Page</stat>
<stat name="04 Invalid Add" id="s1-s1-s1-s1-s1" pass="10" fail="0" skip="0">Updated Orange Project.Tests.GUIs.User Management Page.04 Invalid Add</stat>
</suite>
</statistics>
<errors>
<msg time="2025-04-29T14:01:38.977026" level="WARN">Open Browser is for quick experimentation and debugging only. Use New Page for production.</msg>
<msg time="2025-04-29T14:02:02.218035" level="WARN">Open Browser is for quick experimentation and debugging only. Use New Page for production.</msg>
<msg time="2025-04-29T14:02:20.150378" level="WARN">Open Browser is for quick experimentation and debugging only. Use New Page for production.</msg>
<msg time="2025-04-29T14:02:37.294009" level="WARN">Open Browser is for quick experimentation and debugging only. Use New Page for production.</msg>
<msg time="2025-04-29T14:02:54.264568" level="WARN">Open Browser is for quick experimentation and debugging only. Use New Page for production.</msg>
<msg time="2025-04-29T14:03:13.629075" level="WARN">Open Browser is for quick experimentation and debugging only. Use New Page for production.</msg>
<msg time="2025-04-29T14:03:30.621965" level="WARN">Open Browser is for quick experimentation and debugging only. Use New Page for production.</msg>
<msg time="2025-04-29T14:03:52.947955" level="WARN">Open Browser is for quick experimentation and debugging only. Use New Page for production.</msg>
<msg time="2025-04-29T14:04:09.485789" level="WARN">Open Browser is for quick experimentation and debugging only. Use New Page for production.</msg>
<msg time="2025-04-29T14:04:26.709383" level="WARN">Open Browser is for quick experimentation and debugging only. Use New Page for production.</msg>
</errors>
</robot>
